Log file open, 03/09/20 18:45:19
LogWindows: Failed to load 'aqProf.dll' (GetLastError=126)
LogWindows: File 'aqProf.dll' does not exist
LogWindows: Failed to load 'VtuneApi.dll' (GetLastError=126)
LogWindows: File 'VtuneApi.dll' does not exist
LogWindows: Failed to load 'VtuneApi32e.dll' (GetLastError=126)
LogWindows: File 'VtuneApi32e.dll' does not exist
LogConsoleResponse: Display: Failed to find resolution value strings in scalability ini. Falling back to default.
LogInit: Display: Running engine for game: AleksandraSzczyrba
LogPakFile: Registered encryption key '00000000000000000000000000000000': 0 pak files mounted, 0 remain pending
LogPlatformFile: Not using cached read wrapper
LogTaskGraph: Started task graph with 5 named threads and 35 total threads with 3 sets of task threads.
LogStats: Stats thread started at 2.931568
LogD3D11RHI: Loaded GFSDK_Aftermath_Lib.x64.dll
LogICUInternationalization: ICU TimeZone Detection - Raw Offset: +1:00, Platform Override: ''
LogPluginManager: Mounting plugin Paper2D
LogPluginManager: Mounting plugin AISupport
LogPluginManager: Mounting plugin LightPropagationVolume
LogPluginManager: Mounting plugin ActorLayerUtilities
LogPluginManager: Mounting plugin AnimationSharing
LogPluginManager: Mounting plugin CLionSourceCodeAccess
LogPluginManager: Mounting plugin CodeLiteSourceCodeAccess
LogPluginManager: Mounting plugin GitSourceControl
LogPluginManager: Mounting plugin KDevelopSourceCodeAccess
LogPluginManager: Mounting plugin NullSourceCodeAccess
LogPluginManager: Mounting plugin PerforceSourceControl
LogPluginManager: Mounting plugin SubversionSourceControl
LogPluginManager: Mounting plugin UObjectPlugin
LogPluginManager: Mounting plugin VisualStudioCodeSourceCodeAccess
LogPluginManager: Mounting plugin VisualStudioSourceCodeAccess
LogPluginManager: Mounting plugin XCodeSourceCodeAccess
LogPluginManager: Mounting plugin AssetManagerEditor
LogPluginManager: Mounting plugin CryptoKeys
LogPluginManager: Mounting plugin DataValidation
LogPluginManager: Mounting plugin FacialAnimation
LogPluginManager: Mounting plugin GameplayTagsEditor
LogPluginManager: Mounting plugin MacGraphicsSwitching
LogPluginManager: Mounting plugin MaterialAnalyzer
LogPluginManager: Mounting plugin MobileLauncherProfileWizard
LogPluginManager: Mounting plugin PluginBrowser
LogPluginManager: Mounting plugin SpeedTreeImporter
LogPluginManager: Mounting plugin DatasmithContent
LogPluginManager: Mounting plugin VariantManagerContent
LogPluginManager: Mounting plugin AlembicImporter
LogPluginManager: Mounting plugin AppleImageUtils
LogPluginManager: Mounting plugin AppleVision
LogPluginManager: Mounting plugin BackChannel
LogPluginManager: Mounting plugin CharacterAI
LogPluginManager: Mounting plugin GeometryCache
LogPluginManager: Mounting plugin HTML5Networking
LogPluginManager: Mounting plugin ProxyLODPlugin
LogPluginManager: Mounting plugin SkeletalReduction
LogPluginManager: Mounting plugin MagicLeap
LogPluginManager: Mounting plugin MagicLeapMedia
LogPluginManager: Mounting plugin AndroidMedia
LogPluginManager: Mounting plugin AvfMedia
LogPluginManager: Mounting plugin ImgMedia
LogPluginManager: Mounting plugin LinearTimecode
LogPluginManager: Mounting plugin MediaCompositing
LogPluginManager: Mounting plugin MediaPlayerEditor
LogPluginManager: Mounting plugin WebMMedia
LogPluginManager: Mounting plugin WmfMedia
LogPluginManager: Mounting plugin TcpMessaging
LogPluginManager: Mounting plugin UdpMessaging
LogPluginManager: Mounting plugin ActorSequence
LogPluginManager: Mounting plugin LevelSequenceEditor
LogPluginManager: Mounting plugin MatineeToLevelSequence
LogPluginManager: Mounting plugin NetcodeUnitTest
LogPluginManager: Mounting plugin NUTUnrealEngine4
LogPluginManager: Mounting plugin OnlineSubsystemGooglePlay
LogPluginManager: Mounting plugin OnlineSubsystemIOS
LogPluginManager: Mounting plugin OnlineSubsystem
LogPluginManager: Mounting plugin OnlineSubsystemNull
LogPluginManager: Mounting plugin OnlineSubsystemUtils
LogPluginManager: Mounting plugin LauncherChunkInstaller
LogPluginManager: Mounting plugin AndroidDeviceProfileSelector
LogPluginManager: Mounting plugin AndroidMoviePlayer
LogPluginManager: Mounting plugin AndroidPermission
LogPluginManager: Mounting plugin AppleMoviePlayer
LogPluginManager: Mounting plugin ArchVisCharacter
LogPluginManager: Mounting plugin AudioCapture
LogPluginManager: Mounting plugin CableComponent
LogPluginManager: Mounting plugin CustomMeshComponent
LogPluginManager: Mounting plugin EditableMesh
LogPluginManager: Mounting plugin ExampleDeviceProfileSelector
LogPluginManager: Mounting plugin Firebase
LogPluginManager: Mounting plugin GoogleCloudMessaging
LogPluginManager: Mounting plugin IOSDeviceProfileSelector
LogPluginManager: Mounting plugin LinuxDeviceProfileSelector
LogPluginManager: Mounting plugin LocationServicesBPLibrary
LogPluginManager: Mounting plugin MobilePatchingUtils
LogPluginManager: Mounting plugin OculusVR
LogPluginManager: Mounting plugin PhysXVehicles
LogPluginManager: Mounting plugin ProceduralMeshComponent
LogPluginManager: Mounting plugin RuntimePhysXCooking
LogPluginManager: Mounting plugin SignificanceManager
LogPluginManager: Mounting plugin SteamVR
LogPluginManager: Mounting plugin WebMMoviePlayer
LogPluginManager: Mounting plugin WindowsMoviePlayer
LogInit: Using libcurl 7.55.1-DEV
LogInit:  - built for x86_64-pc-win32
LogInit:  - supports SSL with OpenSSL/1.1.1
LogInit:  - supports HTTP deflate (compression) using libz 1.2.8
LogInit:  - other features:
LogInit:      CURL_VERSION_SSL
LogInit:      CURL_VERSION_LIBZ
LogInit:      CURL_VERSION_IPV6
LogInit:      CURL_VERSION_ASYNCHDNS
LogInit:      CURL_VERSION_LARGEFILE
LogInit:      CURL_VERSION_IDN
LogInit:  CurlRequestOptions (configurable via config and command line):
LogInit:  - bVerifyPeer = true  - Libcurl will verify peer certificate
LogInit:  - bUseHttpProxy = false  - Libcurl will NOT use HTTP proxy
LogInit:  - bDontReuseConnections = false  - Libcurl will reuse connections
LogInit:  - MaxHostConnections = 16  - Libcurl will limit the number of connections to a host
LogInit:  - LocalHostAddr = Default
LogInit:  - BufferSize = 65536
LogInit: WinSock: version 1.1 (2.2), MaxSocks=32767, MaxUdp=65467
LogInit: Build: ++UE4+Release-4.22-CL-7053642
LogInit: Engine Version: 4.22.3-7053642+++UE4+Release-4.22
LogInit: Compatible Engine Version: 4.22.0-5660361+++UE4+Release-4.22
LogInit: Net CL: 5660361
LogInit: OS: Windows 10 (Release 1903) (), CPU: Intel(R) Core(TM) i7-8750H CPU @ 2.20GHz, GPU: Intel(R) UHD Graphics 630
LogInit: Compiled (64-bit): Jun 18 2019 03:09:11
LogInit: Compiled with Visual C++: 19.16.27025.01
LogInit: Build Configuration: Development
LogInit: Branch Name: ++UE4+Release-4.22
LogInit: Command Line: 
LogInit: Base Directory: D:/programy/UE_4.22/Engine/Binaries/Win64/
LogInit: Installed Engine Build: 1
LogDevObjectVersion: Number of dev versions registered: 23
LogDevObjectVersion:   Dev-Blueprints (B0D832E4-1F89-4F0D-ACCF-7EB736FD4AA2): 10
LogDevObjectVersion:   Dev-Build (E1C64328-A22C-4D53-A36C-8E866417BD8C): 0
LogDevObjectVersion:   Dev-Core (375EC13C-06E4-48FB-B500-84F0262A717E): 3
LogDevObjectVersion:   Dev-Editor (E4B068ED-F494-42E9-A231-DA0B2E46BB41): 30
LogDevObjectVersion:   Dev-Framework (CFFC743F-43B0-4480-9391-14DF171D2073): 35
LogDevObjectVersion:   Dev-Mobile (B02B49B5-BB20-44E9-A304-32B752E40360): 2
LogDevObjectVersion:   Dev-Networking (A4E4105C-59A1-49B5-A7C5-40C4547EDFEE): 0
LogDevObjectVersion:   Dev-Online (39C831C9-5AE6-47DC-9A44-9C173E1C8E7C): 0
LogDevObjectVersion:   Dev-Physics (78F01B33-EBEA-4F98-B9B4-84EACCB95AA2): 0
LogDevObjectVersion:   Dev-Platform (6631380F-2D4D-43E0-8009-CF276956A95A): 0
LogDevObjectVersion:   Dev-Rendering (12F88B9F-8875-4AFC-A67C-D90C383ABD29): 28
LogDevObjectVersion:   Dev-Sequencer (7B5AE74C-D270-4C10-A958-57980B212A5A): 11
LogDevObjectVersion:   Dev-VR (D7296918-1DD6-4BDD-9DE2-64A83CC13884): 2
LogDevObjectVersion:   Dev-LoadTimes (C2A15278-BFE7-4AFE-6C17-90FF531DF755): 1
LogDevObjectVersion:   Private-Geometry (6EACA3D4-40EC-4CC1-B786-8BED09428FC5): 3
LogDevObjectVersion:   Dev-AnimPhys (29E575DD-E0A3-4627-9D10-D276232CDCEA): 17
LogDevObjectVersion:   Dev-Anim (AF43A65D-7FD3-4947-9873-3E8ED9C1BB05): 2
LogDevObjectVersion:   Dev-ReflectionCapture (6B266CEC-1EC7-4B8F-A30B-E4D90942FC07): 1
LogDevObjectVersion:   Dev-Automation (0DF73D61-A23F-47EA-B727-89E90C41499A): 1
LogDevObjectVersion:   FortniteMain (601D1886-AC64-4F84-AA16-D3DE0DEAC7D6): 25
LogDevObjectVersion:   Dev-Enterprise (9DFFBCD6-494F-0158-E221-12823C92A888): 6
LogDevObjectVersion:   Dev-Niagara (F2AED0AC-9AFE-416F-8664-AA7FFA26D6FC): 1
LogDevObjectVersion:   Dev-Destruction (174F1F0B-B4C6-45A5-B13F-2EE8D0FB917D): 2
LogInit: Presizing for max 16777216 objects, including 0 objects not considered by GC, pre-allocating 0 bytes for permanent pool.
LogInit: Object subsystem initialized
LogConfig: Setting CVar [[con.DebugEarlyDefault:1]]
LogConfig: Setting CVar [[r.setres:1280x720]]
[2020.03.09-17.45.22:512][  0]LogConfig: Setting CVar [[r.VSync:0]]
[2020.03.09-17.45.22:512][  0]LogConfig: Setting CVar [[r.RHICmdBypass:0]]
[2020.03.09-17.45.22:512][  0]LogConfig: Applying CVar settings from Section [/Script/Engine.RendererSettings] File [D:/Ola's stuff/Unreal projects/AleksandraSzczyrba/Saved/Config/Windows/Engine.ini]
[2020.03.09-17.45.22:512][  0]LogConfig: Setting CVar [[r.GPUCrashDebugging:0]]
[2020.03.09-17.45.22:512][  0]LogConfig: Setting CVar [[r.DefaultFeature.AutoExposure.ExtendDefaultLuminanceRange:1]]
[2020.03.09-17.45.22:512][  0]LogConfig: Applying CVar settings from Section [/Script/Engine.RendererOverrideSettings] File [D:/Ola's stuff/Unreal projects/AleksandraSzczyrba/Saved/Config/Windows/Engine.ini]
[2020.03.09-17.45.22:512][  0]LogConfig: Applying CVar settings from Section [/Script/Engine.StreamingSettings] File [D:/Ola's stuff/Unreal projects/AleksandraSzczyrba/Saved/Config/Windows/Engine.ini]
[2020.03.09-17.45.22:512][  0]LogConfig: Setting CVar [[s.MinBulkDataSizeForAsyncLoading:131072]]
[2020.03.09-17.45.22:512][  0]LogConfig: Setting CVar [[s.AsyncLoadingThreadEnabled:0]]
[2020.03.09-17.45.22:512][  0]LogConfig: Setting CVar [[s.EventDrivenLoaderEnabled:1]]
[2020.03.09-17.45.22:512][  0]LogConfig: Setting CVar [[s.WarnIfTimeLimitExceeded:0]]
[2020.03.09-17.45.22:512][  0]LogConfig: Setting CVar [[s.TimeLimitExceededMultiplier:1.5]]
[2020.03.09-17.45.22:512][  0]LogConfig: Setting CVar [[s.TimeLimitExceededMinTime:0.005]]
[2020.03.09-17.45.22:512][  0]LogConfig: Setting CVar [[s.UseBackgroundLevelStreaming:1]]
[2020.03.09-17.45.22:512][  0]LogConfig: Setting CVar [[s.PriorityAsyncLoadingExtraTime:15.0]]
[2020.03.09-17.45.22:512][  0]LogConfig: Setting CVar [[s.LevelStreamingActorsUpdateTimeLimit:5.0]]
[2020.03.09-17.45.22:512][  0]LogConfig: Setting CVar [[s.PriorityLevelStreamingActorsUpdateExtraTime:5.0]]
[2020.03.09-17.45.22:512][  0]LogConfig: Setting CVar [[s.LevelStreamingComponentsRegistrationGranularity:10]]
[2020.03.09-17.45.22:512][  0]LogConfig: Setting CVar [[s.UnregisterComponentsTimeLimit:1.0]]
[2020.03.09-17.45.22:512][  0]LogConfig: Setting CVar [[s.LevelStreamingComponentsUnregistrationGranularity:5]]
[2020.03.09-17.45.22:512][  0]LogConfig: Applying CVar settings from Section [/Script/Engine.GarbageCollectionSettings] File [D:/Ola's stuff/Unreal projects/AleksandraSzczyrba/Saved/Config/Windows/Engine.ini]
[2020.03.09-17.45.22:512][  0]LogConfig: Setting CVar [[gc.MaxObjectsNotConsideredByGC:1]]
[2020.03.09-17.45.22:512][  0]LogConfig: Setting CVar [[gc.SizeOfPermanentObjectPool:0]]
[2020.03.09-17.45.22:512][  0]LogConfig: Setting CVar [[gc.FlushStreamingOnGC:0]]
[2020.03.09-17.45.22:512][  0]LogConfig: Setting CVar [[gc.NumRetriesBeforeForcingGC:10]]
[2020.03.09-17.45.22:512][  0]LogConfig: Setting CVar [[gc.AllowParallelGC:1]]
[2020.03.09-17.45.22:512][  0]LogConfig: Setting CVar [[gc.TimeBetweenPurgingPendingKillObjects:61.1]]
[2020.03.09-17.45.22:512][  0]LogConfig: Setting CVar [[gc.MaxObjectsInEditor:16777216]]
[2020.03.09-17.45.22:512][  0]LogConfig: Setting CVar [[gc.IncrementalBeginDestroyEnabled:1]]
[2020.03.09-17.45.22:512][  0]LogConfig: Setting CVar [[gc.CreateGCClusters:1]]
[2020.03.09-17.45.22:512][  0]LogConfig: Setting CVar [[gc.MinGCClusterSize:5]]
[2020.03.09-17.45.22:512][  0]LogConfig: Setting CVar [[gc.ActorClusteringEnabled:0]]
[2020.03.09-17.45.22:512][  0]LogConfig: Setting CVar [[gc.BlueprintClusteringEnabled:0]]
[2020.03.09-17.45.22:512][  0]LogConfig: Setting CVar [[gc.UseDisregardForGCOnDedicatedServers:0]]
[2020.03.09-17.45.22:512][  0]LogConfig: Applying CVar settings from Section [/Script/Engine.NetworkSettings] File [D:/Ola's stuff/Unreal projects/AleksandraSzczyrba/Saved/Config/Windows/Engine.ini]
[2020.03.09-17.45.22:512][  0]LogConfig: Applying CVar settings from Section [/Script/UnrealEd.CookerSettings] File [D:/Ola's stuff/Unreal projects/AleksandraSzczyrba/Saved/Config/Windows/Engine.ini]
[2020.03.09-17.45.22:515][  0]LogConfig: Applying CVar settings from Section [ViewDistanceQuality@3] File [D:/Ola's stuff/Unreal projects/AleksandraSzczyrba/Saved/Config/Windows/Scalability.ini]
[2020.03.09-17.45.22:515][  0]LogConfig: Setting CVar [[r.SkeletalMeshLODBias:0]]
[2020.03.09-17.45.22:515][  0]LogConfig: Setting CVar [[r.ViewDistanceScale:1.0]]
[2020.03.09-17.45.22:515][  0]LogConfig: Applying CVar settings from Section [AntiAliasingQuality@3] File [D:/Ola's stuff/Unreal projects/AleksandraSzczyrba/Saved/Config/Windows/Scalability.ini]
[2020.03.09-17.45.22:515][  0]LogConfig: Setting CVar [[r.PostProcessAAQuality:4]]
[2020.03.09-17.45.22:515][  0]LogConfig: Applying CVar settings from Section [ShadowQuality@3] File [D:/Ola's stuff/Unreal projects/AleksandraSzczyrba/Saved/Config/Windows/Scalability.ini]
[2020.03.09-17.45.22:516][  0]LogConfig: Setting CVar [[r.LightFunctionQuality:1]]
[2020.03.09-17.45.22:516][  0]LogConfig: Setting CVar [[r.ShadowQuality:5]]
[2020.03.09-17.45.22:516][  0]LogConfig: Setting CVar [[r.Shadow.CSM.MaxCascades:10]]
[2020.03.09-17.45.22:516][  0]LogConfig: Setting CVar [[r.Shadow.MaxResolution:2048]]
[2020.03.09-17.45.22:516][  0]LogConfig: Setting CVar [[r.Shadow.MaxCSMResolution:2048]]
[2020.03.09-17.45.22:516][  0]LogConfig: Setting CVar [[r.Shadow.RadiusThreshold:0.01]]
[2020.03.09-17.45.22:516][  0]LogConfig: Setting CVar [[r.Shadow.DistanceScale:1.0]]
[2020.03.09-17.45.22:516][  0]LogConfig: Setting CVar [[r.Shadow.CSM.TransitionScale:1.0]]
[2020.03.09-17.45.22:516][  0]LogConfig: Setting CVar [[r.Shadow.PreShadowResolutionFactor:1.0]]
[2020.03.09-17.45.22:516][  0]LogConfig: Setting CVar [[r.DistanceFieldShadowing:1]]
[2020.03.09-17.45.22:516][  0]LogConfig: Setting CVar [[r.DistanceFieldAO:1]]
[2020.03.09-17.45.22:516][  0]LogConfig: Setting CVar [[r.AOQuality:2]]
[2020.03.09-17.45.22:516][  0]LogConfig: Setting CVar [[r.VolumetricFog:1]]
[2020.03.09-17.45.22:516][  0]LogConfig: Setting CVar [[r.VolumetricFog.GridPixelSize:8]]
[2020.03.09-17.45.22:516][  0]LogConfig: Setting CVar [[r.VolumetricFog.GridSizeZ:128]]
[2020.03.09-17.45.22:516][  0]LogConfig: Setting CVar [[r.VolumetricFog.HistoryMissSupersampleCount:4]]
[2020.03.09-17.45.22:516][  0]LogConfig: Setting CVar [[r.LightMaxDrawDistanceScale:1]]
[2020.03.09-17.45.22:516][  0]LogConfig: Setting CVar [[r.CapsuleShadows:1]]
[2020.03.09-17.45.22:516][  0]LogConfig: Applying CVar settings from Section [PostProcessQuality@3] File [D:/Ola's stuff/Unreal projects/AleksandraSzczyrba/Saved/Config/Windows/Scalability.ini]
[2020.03.09-17.45.22:516][  0]LogConfig: Setting CVar [[r.MotionBlurQuality:4]]
[2020.03.09-17.45.22:516][  0]LogConfig: Setting CVar [[r.AmbientOcclusionMipLevelFactor:0.4]]
[2020.03.09-17.45.22:516][  0]LogConfig: Setting CVar [[r.AmbientOcclusionMaxQuality:100]]
[2020.03.09-17.45.22:516][  0]LogConfig: Setting CVar [[r.AmbientOcclusionLevels:-1]]
[2020.03.09-17.45.22:516][  0]LogConfig: Setting CVar [[r.AmbientOcclusionRadiusScale:1.0]]
[2020.03.09-17.45.22:516][  0]LogConfig: Setting CVar [[r.DepthOfFieldQuality:2]]
[2020.03.09-17.45.22:516][  0]LogConfig: Setting CVar [[r.RenderTargetPoolMin:400]]
[2020.03.09-17.45.22:516][  0]LogConfig: Setting CVar [[r.LensFlareQuality:2]]
[2020.03.09-17.45.22:516][  0]LogConfig: Setting CVar [[r.SceneColorFringeQuality:1]]
[2020.03.09-17.45.22:516][  0]LogConfig: Setting CVar [[r.EyeAdaptationQuality:2]]
[2020.03.09-17.45.22:516][  0]LogConfig: Setting CVar [[r.BloomQuality:5]]
[2020.03.09-17.45.22:516][  0]LogConfig: Setting CVar [[r.FastBlurThreshold:100]]
[2020.03.09-17.45.22:516][  0]LogConfig: Setting CVar [[r.Upscale.Quality:3]]
[2020.03.09-17.45.22:516][  0]LogConfig: Setting CVar [[r.Tonemapper.GrainQuantization:1]]
[2020.03.09-17.45.22:516][  0]LogConfig: Setting CVar [[r.LightShaftQuality:1]]
[2020.03.09-17.45.22:516][  0]LogConfig: Setting CVar [[r.Filter.SizeScale:1]]
[2020.03.09-17.45.22:516][  0]LogConfig: Setting CVar [[r.Tonemapper.Quality:5]]
[2020.03.09-17.45.22:516][  0]LogConfig: Setting CVar [[r.DOF.Gather.AccumulatorQuality:1        ; higher gathering accumulator quality]]
[2020.03.09-17.45.22:516][  0]LogConfig: Setting CVar [[r.DOF.Gather.PostfilterMethod:1          ; Median3x3 postfilering method]]
[2020.03.09-17.45.22:516][  0]LogConfig: Setting CVar [[r.DOF.Gather.EnableBokehSettings:0       ; no bokeh simulation when gathering]]
[2020.03.09-17.45.22:516][  0]LogConfig: Setting CVar [[r.DOF.Gather.RingCount:4                 ; medium number of samples when gathering]]
[2020.03.09-17.45.22:516][  0]LogConfig: Setting CVar [[r.DOF.Scatter.ForegroundCompositing:1    ; additive foreground scattering]]
[2020.03.09-17.45.22:516][  0]LogConfig: Setting CVar [[r.DOF.Scatter.BackgroundCompositing:2    ; additive background scattering]]
[2020.03.09-17.45.22:516][  0]LogConfig: Setting CVar [[r.DOF.Scatter.EnableBokehSettings:1      ; bokeh simulation when scattering]]
[2020.03.09-17.45.22:516][  0]LogConfig: Setting CVar [[r.DOF.Scatter.MaxSpriteRatio:0.1         ; only a maximum of 10% of scattered bokeh]]
[2020.03.09-17.45.22:516][  0]LogConfig: Setting CVar [[r.DOF.Recombine.Quality:1                ; cheap slight out of focus]]
[2020.03.09-17.45.22:516][  0]LogConfig: Setting CVar [[r.DOF.Recombine.EnableBokehSettings:0    ; no bokeh simulation on slight out of focus]]
[2020.03.09-17.45.22:516][  0]LogConfig: Setting CVar [[r.DOF.TemporalAAQuality:1                ; more stable temporal accumulation]]
[2020.03.09-17.45.22:516][  0]LogConfig: Setting CVar [[r.DOF.Kernel.MaxForegroundRadius:0.025]]
[2020.03.09-17.45.22:516][  0]LogConfig: Setting CVar [[r.DOF.Kernel.MaxBackgroundRadius:0.025]]
[2020.03.09-17.45.22:516][  0]LogConfig: Applying CVar settings from Section [TextureQuality@3] File [D:/Ola's stuff/Unreal projects/AleksandraSzczyrba/Saved/Config/Windows/Scalability.ini]
[2020.03.09-17.45.22:516][  0]LogConfig: Setting CVar [[r.Streaming.MipBias:0]]
[2020.03.09-17.45.22:516][  0]LogConfig: Setting CVar [[r.Streaming.AmortizeCPUToGPUCopy:0]]
[2020.03.09-17.45.22:516][  0]LogConfig: Setting CVar [[r.Streaming.MaxNumTexturesToStreamPerFrame:0]]
[2020.03.09-17.45.22:516][  0]LogConfig: Setting CVar [[r.Streaming.Boost:1]]
[2020.03.09-17.45.22:516][  0]LogConfig: Setting CVar [[r.MaxAnisotropy:8]]
[2020.03.09-17.45.22:516][  0]LogConfig: Setting CVar [[r.Streaming.LimitPoolSizeToVRAM:0]]
[2020.03.09-17.45.22:516][  0]LogConfig: Setting CVar [[r.Streaming.PoolSize:1000]]
[2020.03.09-17.45.22:516][  0]LogConfig: Setting CVar [[r.Streaming.MaxEffectiveScreenSize:0]]
[2020.03.09-17.45.22:517][  0]LogConfig: Applying CVar settings from Section [EffectsQuality@3] File [D:/Ola's stuff/Unreal projects/AleksandraSzczyrba/Saved/Config/Windows/Scalability.ini]
[2020.03.09-17.45.22:517][  0]LogConfig: Setting CVar [[r.TranslucencyLightingVolumeDim:64]]
[2020.03.09-17.45.22:517][  0]LogConfig: Setting CVar [[r.RefractionQuality:2]]
[2020.03.09-17.45.22:517][  0]LogConfig: Setting CVar [[r.SSR.Quality:3]]
[2020.03.09-17.45.22:517][  0]LogConfig: Setting CVar [[r.SceneColorFormat:4]]
[2020.03.09-17.45.22:517][  0]LogConfig: Setting CVar [[r.DetailMode:2]]
[2020.03.09-17.45.22:517][  0]LogConfig: Setting CVar [[r.TranslucencyVolumeBlur:1]]
[2020.03.09-17.45.22:517][  0]LogConfig: Setting CVar [[r.MaterialQualityLevel:1 ; High quality]]
[2020.03.09-17.45.22:517][  0]LogConfig: Setting CVar [[r.SSS.Scale:1]]
[2020.03.09-17.45.22:517][  0]LogConfig: Setting CVar [[r.SSS.SampleSet:2]]
[2020.03.09-17.45.22:517][  0]LogConfig: Setting CVar [[r.SSS.Quality:1]]
[2020.03.09-17.45.22:517][  0]LogConfig: Setting CVar [[r.SSS.HalfRes:1]]
[2020.03.09-17.45.22:517][  0]LogConfig: Setting CVar [[r.EmitterSpawnRateScale:1.0]]
[2020.03.09-17.45.22:517][  0]LogConfig: Setting CVar [[r.ParticleLightQuality:2]]
[2020.03.09-17.45.22:517][  0]LogConfig: Applying CVar settings from Section [FoliageQuality@3] File [D:/Ola's stuff/Unreal projects/AleksandraSzczyrba/Saved/Config/Windows/Scalability.ini]
[2020.03.09-17.45.22:517][  0]LogConfig: Setting CVar [[foliage.DensityScale:1.0]]
[2020.03.09-17.45.22:517][  0]LogConfig: Setting CVar [[grass.DensityScale:1.0]]
[2020.03.09-17.45.22:517][  0]LogInit: Selected Device Profile: [Windows]
[2020.03.09-17.45.22:517][  0]LogInit: Applying CVar settings loaded from the selected device profile: [Windows]
[2020.03.09-17.45.22:569][  0]LogHAL: Display: Platform has ~ 16 GB [17019465728 / 17179869184 / 16], which maps to Larger [LargestMinGB=32, LargerMinGB=12, DefaultMinGB=8, SmallerMinGB=6, SmallestMinGB=0)
[2020.03.09-17.45.22:569][  0]LogConfig: Setting CVar [[r.Vulkan.UseRealUBs:0		; Required until we fix HLR fall-out]]
[2020.03.09-17.45.22:569][  0]LogInit: Going up to parent DeviceProfile []
[2020.03.09-17.45.22:570][  0]LogConfig: Applying CVar settings from Section [ViewDistanceQuality@3] File [D:/Ola's stuff/Unreal projects/AleksandraSzczyrba/Saved/Config/Windows/Scalability.ini]
[2020.03.09-17.45.22:570][  0]LogConfig: Setting CVar [[r.SkeletalMeshLODBias:0]]
[2020.03.09-17.45.22:570][  0]LogConfig: Setting CVar [[r.ViewDistanceScale:1.0]]
[2020.03.09-17.45.22:570][  0]LogConfig: Applying CVar settings from Section [AntiAliasingQuality@3] File [D:/Ola's stuff/Unreal projects/AleksandraSzczyrba/Saved/Config/Windows/Scalability.ini]
[2020.03.09-17.45.22:570][  0]LogConfig: Setting CVar [[r.PostProcessAAQuality:4]]
[2020.03.09-17.45.22:570][  0]LogConfig: Applying CVar settings from Section [ShadowQuality@3] File [D:/Ola's stuff/Unreal projects/AleksandraSzczyrba/Saved/Config/Windows/Scalability.ini]
[2020.03.09-17.45.22:570][  0]LogConfig: Setting CVar [[r.LightFunctionQuality:1]]
[2020.03.09-17.45.22:570][  0]LogConfig: Setting CVar [[r.ShadowQuality:5]]
[2020.03.09-17.45.22:570][  0]LogConfig: Setting CVar [[r.Shadow.CSM.MaxCascades:10]]
[2020.03.09-17.45.22:570][  0]LogConfig: Setting CVar [[r.Shadow.MaxResolution:2048]]
[2020.03.09-17.45.22:570][  0]LogConfig: Setting CVar [[r.Shadow.MaxCSMResolution:2048]]
[2020.03.09-17.45.22:570][  0]LogConfig: Setting CVar [[r.Shadow.RadiusThreshold:0.01]]
[2020.03.09-17.45.22:570][  0]LogConfig: Setting CVar [[r.Shadow.DistanceScale:1.0]]
[2020.03.09-17.45.22:570][  0]LogConfig: Setting CVar [[r.Shadow.CSM.TransitionScale:1.0]]
[2020.03.09-17.45.22:570][  0]LogConfig: Setting CVar [[r.Shadow.PreShadowResolutionFactor:1.0]]
[2020.03.09-17.45.22:570][  0]LogConfig: Setting CVar [[r.DistanceFieldShadowing:1]]
[2020.03.09-17.45.22:570][  0]LogConfig: Setting CVar [[r.DistanceFieldAO:1]]
[2020.03.09-17.45.22:570][  0]LogConfig: Setting CVar [[r.AOQuality:2]]
[2020.03.09-17.45.22:570][  0]LogConfig: Setting CVar [[r.VolumetricFog:1]]
[2020.03.09-17.45.22:570][  0]LogConfig: Setting CVar [[r.VolumetricFog.GridPixelSize:8]]
[2020.03.09-17.45.22:570][  0]LogConfig: Setting CVar [[r.VolumetricFog.GridSizeZ:128]]
[2020.03.09-17.45.22:570][  0]LogConfig: Setting CVar [[r.VolumetricFog.HistoryMissSupersampleCount:4]]
[2020.03.09-17.45.22:570][  0]LogConfig: Setting CVar [[r.LightMaxDrawDistanceScale:1]]
[2020.03.09-17.45.22:570][  0]LogConfig: Setting CVar [[r.CapsuleShadows:1]]
[2020.03.09-17.45.22:570][  0]LogConfig: Applying CVar settings from Section [PostProcessQuality@3] File [D:/Ola's stuff/Unreal projects/AleksandraSzczyrba/Saved/Config/Windows/Scalability.ini]
[2020.03.09-17.45.22:570][  0]LogConfig: Setting CVar [[r.MotionBlurQuality:4]]
[2020.03.09-17.45.22:570][  0]LogConfig: Setting CVar [[r.AmbientOcclusionMipLevelFactor:0.4]]
[2020.03.09-17.45.22:570][  0]LogConfig: Setting CVar [[r.AmbientOcclusionMaxQuality:100]]
[2020.03.09-17.45.22:570][  0]LogConfig: Setting CVar [[r.AmbientOcclusionLevels:-1]]
[2020.03.09-17.45.22:570][  0]LogConfig: Setting CVar [[r.AmbientOcclusionRadiusScale:1.0]]
[2020.03.09-17.45.22:570][  0]LogConfig: Setting CVar [[r.DepthOfFieldQuality:2]]
[2020.03.09-17.45.22:570][  0]LogConfig: Setting CVar [[r.RenderTargetPoolMin:400]]
[2020.03.09-17.45.22:570][  0]LogConfig: Setting CVar [[r.LensFlareQuality:2]]
[2020.03.09-17.45.22:570][  0]LogConfig: Setting CVar [[r.SceneColorFringeQuality:1]]
[2020.03.09-17.45.22:570][  0]LogConfig: Setting CVar [[r.EyeAdaptationQuality:2]]
[2020.03.09-17.45.22:570][  0]LogConfig: Setting CVar [[r.BloomQuality:5]]
[2020.03.09-17.45.22:570][  0]LogConfig: Setting CVar [[r.FastBlurThreshold:100]]
[2020.03.09-17.45.22:570][  0]LogConfig: Setting CVar [[r.Upscale.Quality:3]]
[2020.03.09-17.45.22:570][  0]LogConfig: Setting CVar [[r.Tonemapper.GrainQuantization:1]]
[2020.03.09-17.45.22:570][  0]LogConfig: Setting CVar [[r.LightShaftQuality:1]]
[2020.03.09-17.45.22:570][  0]LogConfig: Setting CVar [[r.Filter.SizeScale:1]]
[2020.03.09-17.45.22:570][  0]LogConfig: Setting CVar [[r.Tonemapper.Quality:5]]
[2020.03.09-17.45.22:570][  0]LogConfig: Setting CVar [[r.DOF.Gather.AccumulatorQuality:1        ; higher gathering accumulator quality]]
[2020.03.09-17.45.22:571][  0]LogConfig: Setting CVar [[r.DOF.Gather.PostfilterMethod:1          ; Median3x3 postfilering method]]
[2020.03.09-17.45.22:571][  0]LogConfig: Setting CVar [[r.DOF.Gather.EnableBokehSettings:0       ; no bokeh simulation when gathering]]
[2020.03.09-17.45.22:571][  0]LogConfig: Setting CVar [[r.DOF.Gather.RingCount:4                 ; medium number of samples when gathering]]
[2020.03.09-17.45.22:571][  0]LogConfig: Setting CVar [[r.DOF.Scatter.ForegroundCompositing:1    ; additive foreground scattering]]
[2020.03.09-17.45.22:571][  0]LogConfig: Setting CVar [[r.DOF.Scatter.BackgroundCompositing:2    ; additive background scattering]]
[2020.03.09-17.45.22:571][  0]LogConfig: Setting CVar [[r.DOF.Scatter.EnableBokehSettings:1      ; bokeh simulation when scattering]]
[2020.03.09-17.45.22:571][  0]LogConfig: Setting CVar [[r.DOF.Scatter.MaxSpriteRatio:0.1         ; only a maximum of 10% of scattered bokeh]]
[2020.03.09-17.45.22:571][  0]LogConfig: Setting CVar [[r.DOF.Recombine.Quality:1                ; cheap slight out of focus]]
[2020.03.09-17.45.22:571][  0]LogConfig: Setting CVar [[r.DOF.Recombine.EnableBokehSettings:0    ; no bokeh simulation on slight out of focus]]
[2020.03.09-17.45.22:571][  0]LogConfig: Setting CVar [[r.DOF.TemporalAAQuality:1                ; more stable temporal accumulation]]
[2020.03.09-17.45.22:571][  0]LogConfig: Setting CVar [[r.DOF.Kernel.MaxForegroundRadius:0.025]]
[2020.03.09-17.45.22:571][  0]LogConfig: Setting CVar [[r.DOF.Kernel.MaxBackgroundRadius:0.025]]
[2020.03.09-17.45.22:571][  0]LogConfig: Applying CVar settings from Section [TextureQuality@3] File [D:/Ola's stuff/Unreal projects/AleksandraSzczyrba/Saved/Config/Windows/Scalability.ini]
[2020.03.09-17.45.22:571][  0]LogConfig: Setting CVar [[r.Streaming.MipBias:0]]
[2020.03.09-17.45.22:571][  0]LogConfig: Setting CVar [[r.Streaming.AmortizeCPUToGPUCopy:0]]
[2020.03.09-17.45.22:571][  0]LogConfig: Setting CVar [[r.Streaming.MaxNumTexturesToStreamPerFrame:0]]
[2020.03.09-17.45.22:571][  0]LogConfig: Setting CVar [[r.Streaming.Boost:1]]
[2020.03.09-17.45.22:571][  0]LogConfig: Setting CVar [[r.MaxAnisotropy:8]]
[2020.03.09-17.45.22:571][  0]LogConfig: Setting CVar [[r.Streaming.LimitPoolSizeToVRAM:0]]
[2020.03.09-17.45.22:571][  0]LogConfig: Setting CVar [[r.Streaming.PoolSize:1000]]
[2020.03.09-17.45.22:571][  0]LogConfig: Setting CVar [[r.Streaming.MaxEffectiveScreenSize:0]]
[2020.03.09-17.45.22:571][  0]LogConfig: Applying CVar settings from Section [EffectsQuality@3] File [D:/Ola's stuff/Unreal projects/AleksandraSzczyrba/Saved/Config/Windows/Scalability.ini]
[2020.03.09-17.45.22:571][  0]LogConfig: Setting CVar [[r.TranslucencyLightingVolumeDim:64]]
[2020.03.09-17.45.22:571][  0]LogConfig: Setting CVar [[r.RefractionQuality:2]]
[2020.03.09-17.45.22:571][  0]LogConfig: Setting CVar [[r.SSR.Quality:3]]
[2020.03.09-17.45.22:571][  0]LogConfig: Setting CVar [[r.SceneColorFormat:4]]
[2020.03.09-17.45.22:571][  0]LogConfig: Setting CVar [[r.DetailMode:2]]
[2020.03.09-17.45.22:571][  0]LogConfig: Setting CVar [[r.TranslucencyVolumeBlur:1]]
[2020.03.09-17.45.22:571][  0]LogConfig: Setting CVar [[r.MaterialQualityLevel:1 ; High quality]]
[2020.03.09-17.45.22:571][  0]LogConfig: Setting CVar [[r.SSS.Scale:1]]
[2020.03.09-17.45.22:571][  0]LogConfig: Setting CVar [[r.SSS.SampleSet:2]]
[2020.03.09-17.45.22:571][  0]LogConfig: Setting CVar [[r.SSS.Quality:1]]
[2020.03.09-17.45.22:571][  0]LogConfig: Setting CVar [[r.SSS.HalfRes:1]]
[2020.03.09-17.45.22:571][  0]LogConfig: Setting CVar [[r.EmitterSpawnRateScale:1.0]]
[2020.03.09-17.45.22:571][  0]LogConfig: Setting CVar [[r.ParticleLightQuality:2]]
[2020.03.09-17.45.22:571][  0]LogConfig: Applying CVar settings from Section [FoliageQuality@3] File [D:/Ola's stuff/Unreal projects/AleksandraSzczyrba/Saved/Config/Windows/Scalability.ini]
[2020.03.09-17.45.22:571][  0]LogConfig: Setting CVar [[foliage.DensityScale:1.0]]
[2020.03.09-17.45.22:571][  0]LogConfig: Setting CVar [[grass.DensityScale:1.0]]
[2020.03.09-17.45.22:571][  0]LogConfig: Applying CVar settings from Section [Startup] File [../../../Engine/Config/ConsoleVariables.ini]
[2020.03.09-17.45.22:591][  0]LogConfig: Setting CVar [[net.UseAdaptiveNetUpdateFrequency:0]]
[2020.03.09-17.45.22:591][  0]LogConfig: Setting CVar [[p.chaos.AllowCreatePhysxBodies:1]]
[2020.03.09-17.45.22:591][  0]LogConfig: Applying CVar settings from Section [ConsoleVariables] File [D:/Ola's stuff/Unreal projects/AleksandraSzczyrba/Saved/Config/Windows/Engine.ini]
[2020.03.09-17.45.22:591][  0]LogInit: Computer: DESKTOP-2BN8V2Q
[2020.03.09-17.45.22:591][  0]LogInit: User: AleksandraSzczyrba
[2020.03.09-17.45.22:591][  0]LogInit: CPU Page size=4096, Cores=6
[2020.03.09-17.45.22:591][  0]LogInit: High frequency timer resolution =10.000000 MHz
[2020.03.09-17.45.22:591][  0]LogMemory: Memory total: Physical=15.9GB (16GB approx)
[2020.03.09-17.45.22:591][  0]LogMemory: Platform Memory Stats for Windows
[2020.03.09-17.45.22:591][  0]LogMemory: Process Physical Memory: 66.69 MB used, 66.70 MB peak
[2020.03.09-17.45.22:591][  0]LogMemory: Process Virtual Memory: 94.29 MB used, 94.29 MB peak
[2020.03.09-17.45.22:591][  0]LogMemory: Physical Memory: 10423.48 MB used,  5807.55 MB free, 16231.03 MB total
[2020.03.09-17.45.22:591][  0]LogMemory: Virtual Memory: 4650.80 MB used,  134213080.00 MB free, 134217728.00 MB total
[2020.03.09-17.45.23:054][  0]LogInit: Using OS detected language (pl-PL).
[2020.03.09-17.45.23:055][  0]LogInit: Using OS detected locale (pl-PL).
[2020.03.09-17.45.23:056][  0]LogTextLocalizationManager: No specific localization for 'pl-PL' exists, so the 'pl' localization will be used.
[2020.03.09-17.45.23:056][  0]LogTextLocalizationResource: LocRes '../../../Engine/Content/Localization/Editor/pl/Editor.locres' could not be opened for reading!
[2020.03.09-17.45.23:056][  0]LogTextLocalizationResource: LocRes '../../../Engine/Content/Localization/EditorTutorials/pl/EditorTutorials.locres' could not be opened for reading!
[2020.03.09-17.45.23:056][  0]LogTextLocalizationResource: LocRes '../../../Engine/Content/Localization/Keywords/pl/Keywords.locres' could not be opened for reading!
[2020.03.09-17.45.23:056][  0]LogTextLocalizationResource: LocRes '../../../Engine/Content/Localization/Category/pl/Category.locres' could not be opened for reading!
[2020.03.09-17.45.23:056][  0]LogTextLocalizationResource: LocRes '../../../Engine/Content/Localization/ToolTips/pl/ToolTips.locres' could not be opened for reading!
[2020.03.09-17.45.23:057][  0]LogTextLocalizationResource: LocRes '../../../Engine/Content/Localization/PropertyNames/pl/PropertyNames.locres' could not be opened for reading!
[2020.03.09-17.45.23:057][  0]LogTextLocalizationResource: LocRes '../../../Engine/Content/Localization/Engine/pl/Engine.locres' could not be opened for reading!
[2020.03.09-17.45.23:462][  0]LogSlate: New Slate User Created.  User Index 0, Is Virtual User: 0
[2020.03.09-17.45.23:462][  0]LogSlate: Slate User Registered.  User Index 0, Is Virtual User: 0
[2020.03.09-17.45.24:291][  0]LogHMD: Failed to initialize OpenVR with code 110
[2020.03.09-17.45.24:291][  0]LogD3D11RHI: D3D11 adapters:
[2020.03.09-17.45.24:456][  0]LogD3D11RHI:    0. 'NVIDIA GeForce GTX 1050' (Feature Level 11_0)
[2020.03.09-17.45.24:456][  0]LogD3D11RHI:       4021/0/8115 MB DedicatedVideo/DedicatedSystem/SharedSystem, Outputs:1, VendorId:0x10de
[2020.03.09-17.45.24:501][  0]LogD3D11RHI:    1. 'Intel(R) UHD Graphics 630' (Feature Level 11_0)
[2020.03.09-17.45.24:501][  0]LogD3D11RHI:       128/0/8115 MB DedicatedVideo/DedicatedSystem/SharedSystem, Outputs:0, VendorId:0x8086
[2020.03.09-17.45.24:526][  0]LogD3D11RHI:    2. 'Microsoft Basic Render Driver' (Feature Level 11_0)
[2020.03.09-17.45.24:526][  0]LogD3D11RHI:       0/0/8115 MB DedicatedVideo/DedicatedSystem/SharedSystem, Outputs:0, VendorId:0x1414
[2020.03.09-17.45.24:526][  0]LogD3D11RHI: Chosen D3D11 Adapter: 0
[2020.03.09-17.45.24:586][  0]LogD3D11RHI: Creating new Direct3DDevice
[2020.03.09-17.45.24:586][  0]LogD3D11RHI:     GPU DeviceId: 0x1c92 (for the marketing name, search the web for "GPU Device Id")
[2020.03.09-17.45.24:586][  0]LogWindows: EnumDisplayDevices:
[2020.03.09-17.45.24:586][  0]LogWindows:    0. 'Intel(R) UHD Graphics 630' (P:1 D:1)
[2020.03.09-17.45.24:586][  0]LogWindows:    1. 'Intel(R) UHD Graphics 630' (P:0 D:0)
[2020.03.09-17.45.24:587][  0]LogWindows:    2. 'Intel(R) UHD Graphics 630' (P:0 D:0)
[2020.03.09-17.45.24:587][  0]LogWindows: DebugString: PrimaryIsNotTheChoosenAdapter PrimaryIsNotTheChoosenAdapter PrimaryIsNotTheChoosenAdapter FoundDriverCount:0 
[2020.03.09-17.45.24:587][  0]LogD3D11RHI:     Adapter Name: NVIDIA GeForce GTX 1050
[2020.03.09-17.45.24:587][  0]LogD3D11RHI:   Driver Version: Unknown (internal:Unknown, unified:Unknown)
[2020.03.09-17.45.24:587][  0]LogD3D11RHI:      Driver Date: Unknown
[2020.03.09-17.45.24:587][  0]LogRHI: Texture pool is 2814 MB (70% of 4021 MB)
[2020.03.09-17.45.24:650][  0]LogD3D11RHI: Async texture creation enabled
[2020.03.09-17.45.24:654][  0]LogRendererCore: FGlobalReadBuffer::InitRHI
[2020.03.09-17.45.24:654][  0]LogRendererCore: FGlobalReadBuffer::InitRHI
[2020.03.09-17.45.24:654][  0]LogRendererCore: FGlobalReadBuffer::InitRHI
[2020.03.09-17.45.24:664][  0]LogD3D11RHI: GPU Timing Frequency: 1000.000000 (Debug: 2 1)
[2020.03.09-17.45.25:822][  0]LogTemp: Display: Module 'AllDesktopTargetPlatform' loaded TargetPlatform 'AllDesktop'
[2020.03.09-17.45.25:866][  0]LogTemp: Display: Module 'MacClientTargetPlatform' loaded TargetPlatform 'MacClient'
[2020.03.09-17.45.25:890][  0]LogTemp: Display: Module 'MacNoEditorTargetPlatform' loaded TargetPlatform 'MacNoEditor'
[2020.03.09-17.45.25:914][  0]LogTemp: Display: Module 'MacServerTargetPlatform' loaded TargetPlatform 'MacServer'
[2020.03.09-17.45.25:973][  0]LogTemp: Display: Module 'MacTargetPlatform' loaded TargetPlatform 'Mac'
[2020.03.09-17.45.26:070][  0]LogTemp: Display: Module 'WindowsClientTargetPlatform' loaded TargetPlatform 'WindowsClient'
[2020.03.09-17.45.26:108][  0]LogTemp: Display: Module 'WindowsNoEditorTargetPlatform' loaded TargetPlatform 'WindowsNoEditor'
[2020.03.09-17.45.26:161][  0]LogTemp: Display: Module 'WindowsServerTargetPlatform' loaded TargetPlatform 'WindowsServer'
[2020.03.09-17.45.26:177][  0]LogTemp: Display: Module 'WindowsTargetPlatform' loaded TargetPlatform 'Windows'
[2020.03.09-17.45.26:279][  0]LogTemp: Display: Module 'AndroidTargetPlatform' loaded TargetPlatform 'Android'
[2020.03.09-17.45.26:279][  0]LogTemp: Display: Module 'AndroidTargetPlatform' loaded TargetPlatform 'Android_ASTC'
[2020.03.09-17.45.26:279][  0]LogTemp: Display: Module 'AndroidTargetPlatform' loaded TargetPlatform 'Android_ATC'
[2020.03.09-17.45.26:279][  0]LogTemp: Display: Module 'AndroidTargetPlatform' loaded TargetPlatform 'Android_DXT'
[2020.03.09-17.45.26:279][  0]LogTemp: Display: Module 'AndroidTargetPlatform' loaded TargetPlatform 'Android_ETC1'
[2020.03.09-17.45.26:279][  0]LogTemp: Display: Module 'AndroidTargetPlatform' loaded TargetPlatform 'Android_ETC1a'
[2020.03.09-17.45.26:279][  0]LogTemp: Display: Module 'AndroidTargetPlatform' loaded TargetPlatform 'Android_ETC2'
[2020.03.09-17.45.26:279][  0]LogTemp: Display: Module 'AndroidTargetPlatform' loaded TargetPlatform 'Android_PVRTC'
[2020.03.09-17.45.26:279][  0]LogTemp: Display: Module 'AndroidTargetPlatform' loaded TargetPlatform 'AndroidClient'
[2020.03.09-17.45.26:279][  0]LogTemp: Display: Module 'AndroidTargetPlatform' loaded TargetPlatform 'Android_ASTCClient'
[2020.03.09-17.45.26:279][  0]LogTemp: Display: Module 'AndroidTargetPlatform' loaded TargetPlatform 'Android_ATCClient'
[2020.03.09-17.45.26:279][  0]LogTemp: Display: Module 'AndroidTargetPlatform' loaded TargetPlatform 'Android_DXTClient'
[2020.03.09-17.45.26:279][  0]LogTemp: Display: Module 'AndroidTargetPlatform' loaded TargetPlatform 'Android_ETC1Client'
[2020.03.09-17.45.26:279][  0]LogTemp: Display: Module 'AndroidTargetPlatform' loaded TargetPlatform 'Android_ETC1aClient'
[2020.03.09-17.45.26:279][  0]LogTemp: Display: Module 'AndroidTargetPlatform' loaded TargetPlatform 'Android_ETC2Client'
[2020.03.09-17.45.26:279][  0]LogTemp: Display: Module 'AndroidTargetPlatform' loaded TargetPlatform 'Android_PVRTCClient'
[2020.03.09-17.45.26:279][  0]LogTemp: Display: Module 'AndroidTargetPlatform' loaded TargetPlatform 'Android_Multi'
[2020.03.09-17.45.26:279][  0]LogTemp: Display: Module 'AndroidTargetPlatform' loaded TargetPlatform 'Android_MultiClient'
[2020.03.09-17.45.26:311][  0]LogTemp: Display: Module 'HTML5TargetPlatform' loaded TargetPlatform 'HTML5'
[2020.03.09-17.45.26:463][  0]LogTemp: Display: Module 'IOSTargetPlatform' loaded TargetPlatform 'IOSClient'
[2020.03.09-17.45.26:464][  0]LogTemp: Display: Module 'IOSTargetPlatform' loaded TargetPlatform 'IOS'
[2020.03.09-17.45.26:543][  0]LogTemp: Display: Module 'TVOSTargetPlatform' loaded TargetPlatform 'TVOSClient'
[2020.03.09-17.45.26:543][  0]LogTemp: Display: Module 'TVOSTargetPlatform' loaded TargetPlatform 'TVOS'
[2020.03.09-17.45.26:567][  0]LogTemp: Display: Module 'LinuxClientTargetPlatform' loaded TargetPlatform 'LinuxClient'
[2020.03.09-17.45.26:579][  0]LogTemp: Display: Module 'LinuxNoEditorTargetPlatform' loaded TargetPlatform 'LinuxNoEditor'
[2020.03.09-17.45.26:590][  0]LogTemp: Display: Module 'LinuxServerTargetPlatform' loaded TargetPlatform 'LinuxServer'
[2020.03.09-17.45.26:628][  0]LogTemp: Display: Module 'LinuxTargetPlatform' loaded TargetPlatform 'Linux'
[2020.03.09-17.45.26:687][  0]LogTemp: Display: Module 'LuminTargetPlatform' loaded TargetPlatform 'Lumin'
[2020.03.09-17.45.26:687][  0]LogTemp: Display: Module 'LuminTargetPlatform' loaded TargetPlatform 'LuminClient'
[2020.03.09-17.45.26:687][  0]LogTargetPlatformManager: Display: Building Assets For Windows
[2020.03.09-17.45.26:960][  0]LogAudioDebug: Display: Lib vorbis DLL was dynamically loaded.
[2020.03.09-17.45.27:621][  0]LogShaderCompilers: Guid format shader working directory is -3 characters bigger than the processId version (../../../../../Ola's stuff/Unreal projects/AleksandraSzczyrba/Intermediate/Shaders/WorkingDirectory/204456/).
[2020.03.09-17.45.27:621][  0]LogShaderCompilers: Cleaned the shader compiler working directory 'C:/Users/Aleksandra Szczyrba/AppData/Local/Temp/UnrealShaderWorkingDir/D5AB205C432B4D28F4C6DAAB99494D9D/'.
[2020.03.09-17.45.27:667][  0]LogXGEController: Cannot use XGE Controller as Incredibuild is not installed on this machine.
[2020.03.09-17.45.27:667][  0]LogShaderCompilers: Cannot use XGE Shader Compiler as Incredibuild is not installed on this machine.
[2020.03.09-17.45.27:667][  0]LogShaderCompilers: Display: Using Local Shader Compiler.
[2020.03.09-17.45.30:081][  0]LogDerivedDataCache: Display: Max Cache Size: 512 MB
[2020.03.09-17.45.30:129][  0]LogDerivedDataCache: Loaded boot cache 0.05s 72MB C:/Users/Aleksandra Szczyrba/AppData/Local/UnrealEngine/4.22/DerivedDataCache/Boot.ddc.
[2020.03.09-17.45.30:129][  0]LogDerivedDataCache: Display: Loaded Boot cache: C:/Users/Aleksandra Szczyrba/AppData/Local/UnrealEngine/4.22/DerivedDataCache/Boot.ddc
[2020.03.09-17.45.30:129][  0]LogDerivedDataCache: FDerivedDataBackendGraph:  Pak pak cache file ../../../../../Ola's stuff/Unreal projects/AleksandraSzczyrba/DerivedDataCache/DDC.ddp not found, will not use a pak cache.
[2020.03.09-17.45.30:129][  0]LogDerivedDataCache: Unable to find inner node Pak for hierarchical cache Hierarchy.
[2020.03.09-17.45.30:129][  0]LogDerivedDataCache: FDerivedDataBackendGraph:  CompressedPak pak cache file ../../../../../Ola's stuff/Unreal projects/AleksandraSzczyrba/DerivedDataCache/Compressed.ddp not found, will not use a pak cache.
[2020.03.09-17.45.30:129][  0]LogDerivedDataCache: Unable to find inner node CompressedPak for hierarchical cache Hierarchy.
[2020.03.09-17.45.30:180][  0]LogDerivedDataCache: Display: Pak cache opened for reading ../../../Engine/DerivedDataCache/Compressed.ddp.
[2020.03.09-17.45.30:180][  0]LogDerivedDataCache: FDerivedDataBackendGraph:  EnterprisePak pak cache file ../../../Enterprise/DerivedDataCache/Compressed.ddp not found, will not use a pak cache.
[2020.03.09-17.45.30:180][  0]LogDerivedDataCache: Unable to find inner node EnterprisePak for hierarchical cache Hierarchy.
[2020.03.09-17.45.30:192][  0]LogDerivedDataCache: Using Local data cache path C:/Users/Aleksandra Szczyrba/AppData/Local/UnrealEngine/Common/DerivedDataCache: Writable
[2020.03.09-17.45.30:192][  0]LogDerivedDataCache: Shared data cache path not found in *engine.ini, will not use an Shared cache.
[2020.03.09-17.45.30:192][  0]LogDerivedDataCache: Unable to find inner node Shared for hierarchical cache Hierarchy.
[2020.03.09-17.45.30:211][  0]LogMaterial: Verifying Global Shaders for PCD3D_SM5
[2020.03.09-17.45.30:212][  0]LogSlate: Using FreeType 2.6.0
[2020.03.09-17.45.30:237][  0]LogSlate: SlateFontServices - WITH_FREETYPE: 1, WITH_HARFBUZZ: 1
[2020.03.09-17.45.30:472][  0]LogAssetRegistry: FAssetRegistry took 0.0631 seconds to start up
[2020.03.09-17.45.31:254][  0]LogInit: Selected Device Profile: [Windows]
[2020.03.09-17.45.32:084][  0]LogMeshReduction: Using QuadricMeshReduction for automatic static mesh reduction
[2020.03.09-17.45.32:084][  0]LogMeshReduction: Using SimplygonMeshReduction for automatic skeletal mesh reduction
[2020.03.09-17.45.32:084][  0]LogMeshReduction: Using ProxyLODMeshReduction for automatic mesh merging
[2020.03.09-17.45.32:084][  0]LogMeshReduction: No distributed automatic mesh merging module available
[2020.03.09-17.45.32:084][  0]LogMeshMerging: No distributed automatic mesh merging module available
[2020.03.09-17.45.32:100][  0]LogNetVersion: AleksandraSzczyrba 1.0.0, NetCL: 5660361, EngineNetVer: 10, GameNetVer: 0 (Checksum: 3325902157)
[2020.03.09-17.45.32:900][  0]LogPackageLocalizationCache: Processed 10 localized package path(s) for 1 prioritized culture(s) in 0.043575 seconds
[2020.03.09-17.45.32:905][  0]LogUObjectArray: 42205 objects as part of root set at end of initial load.
[2020.03.09-17.45.32:905][  0]LogUObjectAllocator: 7325032 out of 0 bytes used by permanent object pool.
[2020.03.09-17.45.32:905][  0]LogUObjectArray: CloseDisregardForGC: 0/0 objects in disregard for GC pool
[2020.03.09-17.45.35:431][  0]LogTcpMessaging: Initializing TcpMessaging bridge
[2020.03.09-17.45.35:469][  0]LogUdpMessaging: Initializing bridge on interface 0.0.0.0:0 to multicast group 230.0.0.1:6666.
[2020.03.09-17.45.35:609][  0]SourceControl: Source control is disabled
[2020.03.09-17.45.35:609][  0]SourceControl: Source control is disabled
[2020.03.09-17.45.35:610][  0]SourceControl: Source control is disabled
[2020.03.09-17.45.35:611][  0]SourceControl: Source control is disabled
[2020.03.09-17.45.35:620][  0]LogVSAccessor: Display: Unable to create Visual Studio setup instance: 80040154
[2020.03.09-17.45.35:620][  0]LogVSAccessor: Display: Unable to create Visual Studio setup instance: 80040154
[2020.03.09-17.45.35:683][  0]LogAndroidPermission: UAndroidPermissionCallbackProxy::GetInstance
[2020.03.09-17.45.35:866][  0]LogOcInput: OculusInput pre-init called
[2020.03.09-17.45.36:511][  0]LogEngine: Initializing Engine...
[2020.03.09-17.45.36:511][  0]LogHMD: Failed to initialize OpenVR with code 110
[2020.03.09-17.45.36:512][  0]LogStats: UGameplayTagsManager::InitializeManager -  0.000 s
[2020.03.09-17.45.36:685][  0]LogInit: Initializing FReadOnlyCVARCache
[2020.03.09-17.45.36:697][  0]LogAIModule: Creating AISystem for world Untitled
[2020.03.09-17.45.36:787][  0]LogInit: XAudio2 using 'Głośniki (Realtek(R) Audio)' : 2 channels at 48 kHz using 32 bits per sample (channel mask 0x3)
[2020.03.09-17.45.36:972][  0]LogInit: FAudioDevice initialized.
[2020.03.09-17.45.36:972][  0]LogNetVersion: Set ProjectVersion to 1.0.0.0. Version Checksum will be recalculated on next use.
[2020.03.09-17.45.37:909][  0]LogDerivedDataCache: Saved boot cache 0.94s 71MB C:/Users/Aleksandra Szczyrba/AppData/Local/UnrealEngine/4.22/DerivedDataCache/Boot.ddc.
[2020.03.09-17.45.37:916][  0]LogInit: Texture streaming: Enabled
[2020.03.09-17.45.37:933][  0]LogEngineSessionManager: EngineSessionManager initialized
[2020.03.09-17.45.37:970][  0]LogInit: Transaction tracking system initialized
[2020.03.09-17.45.37:989][  0]BlueprintLog: New page: Editor Load
[2020.03.09-17.45.38:070][  0]LocalizationService: Localization service is disabled
[2020.03.09-17.45.38:186][  0]LogVSAccessor: Display: Unable to create Visual Studio setup instance: 80040154
[2020.03.09-17.45.38:187][  0]LogVSAccessor: Display: Unable to create Visual Studio setup instance: 80040154
[2020.03.09-17.45.38:386][  0]LogFileCache: Scanning file cache for directory 'D:/Ola's stuff/Unreal projects/AleksandraSzczyrba/Content/' took 0.01s
[2020.03.09-17.45.38:386][  0]LogCook: Display: Max memory allowance for cook 16384mb min free memory 0mb
[2020.03.09-17.45.38:386][  0]LogCook: Display: Mobile HDR setting 1
[2020.03.09-17.45.38:543][  0]SourceControl: Source control is disabled
[2020.03.09-17.45.38:543][  0]Cmd: MAP LOAD FILE="../../../../../Ola's stuff/Unreal projects/AleksandraSzczyrba/Content/StarterContent/Maps/Minimal_Default.umap" TEMPLATE=0 SHOWPROGRESS=1 FEATURELEVEL=3
[2020.03.09-17.45.38:543][  0]LightingResults: New page: Lighting Build
[2020.03.09-17.45.38:545][  0]MapCheck: New page: Map Check
[2020.03.09-17.45.38:545][  0]LightingResults: New page: Lighting Build
[2020.03.09-17.45.38:572][  0]LogUObjectHash: Compacting FUObjectHashTables data took   1.39ms
[2020.03.09-17.45.40:096][  0]LogAIModule: Creating AISystem for world Minimal_Default
[2020.03.09-17.45.40:349][  0]LogEditorServer: Finished looking for orphan Actors (0.000 secs)
[2020.03.09-17.45.40:449][  0]LogUObjectHash: Compacting FUObjectHashTables data took   1.99ms
[2020.03.09-17.45.40:449][  0]Cmd: MAP CHECKDEP NOCLEARLOG
[2020.03.09-17.45.40:449][  0]MapCheck: Map check complete: 0 Error(s), 0 Warning(s), took 0,078ms to complete.
[2020.03.09-17.45.40:449][  0]LogFileHelpers: Loading map 'Minimal_Default' took 1.906
[2020.03.09-17.45.41:216][  0]LogSlate: Updating window title bar state: overlay mode, drag disabled, window buttons hidden, title bar hidden
[2020.03.09-17.45.41:236][  0]LogSlate: Updating window title bar state: overlay mode, drag disabled, window buttons hidden, title bar hidden
[2020.03.09-17.45.41:242][  0]LogSlate: Updating window title bar state: overlay mode, drag disabled, window buttons hidden, title bar hidden
[2020.03.09-17.45.41:248][  0]LogSlate: Updating window title bar state: overlay mode, drag disabled, window buttons hidden, title bar hidden
[2020.03.09-17.45.41:338][  0]LogCollectionManager: Loaded 0 collections in 0.001665 seconds
[2020.03.09-17.45.41:631][  0]LogFileCache: Scanning file cache for directory 'D:/Ola's stuff/Unreal projects/AleksandraSzczyrba/Saved/Collections/' took 0.01s
[2020.03.09-17.45.41:631][  0]LogFileCache: Scanning file cache for directory 'D:/Ola's stuff/Unreal projects/AleksandraSzczyrba/Content/Developers/AleksandraSzczyrba/Collections/' took 0.00s
[2020.03.09-17.45.41:631][  0]LogFileCache: Scanning file cache for directory 'D:/Ola's stuff/Unreal projects/AleksandraSzczyrba/Content/Collections/' took 0.00s
[2020.03.09-17.45.41:631][  0]LogCollectionManager: Rebuilt the GUID cache for 0 collections in 0.000001 seconds
[2020.03.09-17.45.41:670][  0]LogContentBrowser: Native class hierarchy populated in 0.0354 seconds. Added 2732 classes and 659 folders.
[2020.03.09-17.45.41:843][  0]LogContentBrowser: Native class hierarchy updated for 'WidgetCarousel' in 0.0003 seconds. Added 0 classes and 0 folders.
[2020.03.09-17.45.41:882][  0]LogPakFile: Registered encryption key '00000000000000000000000000000000': 0 pak files mounted, 0 remain pending
[2020.03.09-17.45.41:946][  0]LogPakFile: Registered encryption key '00000000000000000000000000000000': 0 pak files mounted, 0 remain pending
[2020.03.09-17.45.42:008][  0]LogPakFile: Registered encryption key '00000000000000000000000000000000': 0 pak files mounted, 0 remain pending
[2020.03.09-17.45.42:022][  0]LogPakFile: Registered encryption key '00000000000000000000000000000000': 0 pak files mounted, 0 remain pending
[2020.03.09-17.45.42:029][  0]LogPakFile: Registered encryption key '00000000000000000000000000000000': 0 pak files mounted, 0 remain pending
[2020.03.09-17.45.42:039][  0]LogPakFile: Registered encryption key '00000000000000000000000000000000': 0 pak files mounted, 0 remain pending
[2020.03.09-17.45.42:049][  0]LogPakFile: Registered encryption key '00000000000000000000000000000000': 0 pak files mounted, 0 remain pending
[2020.03.09-17.45.42:063][  0]LogPakFile: Registered encryption key '00000000000000000000000000000000': 0 pak files mounted, 0 remain pending
[2020.03.09-17.45.42:078][  0]LogPakFile: Registered encryption key '00000000000000000000000000000000': 0 pak files mounted, 0 remain pending
[2020.03.09-17.45.42:096][  0]LogPakFile: Registered encryption key '00000000000000000000000000000000': 0 pak files mounted, 0 remain pending
[2020.03.09-17.45.42:118][  0]LogPakFile: Registered encryption key '00000000000000000000000000000000': 0 pak files mounted, 0 remain pending
[2020.03.09-17.45.42:138][  0]LogPakFile: Registered encryption key '00000000000000000000000000000000': 0 pak files mounted, 0 remain pending
[2020.03.09-17.45.42:166][  0]LogPakFile: Registered encryption key '00000000000000000000000000000000': 0 pak files mounted, 0 remain pending
[2020.03.09-17.45.42:170][  0]LogPakFile: Registered encryption key '00000000000000000000000000000000': 0 pak files mounted, 0 remain pending
[2020.03.09-17.45.42:186][  0]LogPakFile: Registered encryption key '00000000000000000000000000000000': 0 pak files mounted, 0 remain pending
[2020.03.09-17.45.42:199][  0]LogPakFile: Registered encryption key '00000000000000000000000000000000': 0 pak files mounted, 0 remain pending
[2020.03.09-17.45.42:286][  0]LogPakFile: Registered encryption key '00000000000000000000000000000000': 0 pak files mounted, 0 remain pending
[2020.03.09-17.45.42:317][  0]LogPakFile: Registered encryption key '00000000000000000000000000000000': 0 pak files mounted, 0 remain pending
[2020.03.09-17.45.42:330][  0]LogPakFile: Registered encryption key '00000000000000000000000000000000': 0 pak files mounted, 0 remain pending
[2020.03.09-17.45.42:340][  0]LogPakFile: Registered encryption key '00000000000000000000000000000000': 0 pak files mounted, 0 remain pending
[2020.03.09-17.45.42:349][  0]LogPakFile: Registered encryption key '00000000000000000000000000000000': 0 pak files mounted, 0 remain pending
[2020.03.09-17.45.42:359][  0]LogPakFile: Registered encryption key '00000000000000000000000000000000': 0 pak files mounted, 0 remain pending
[2020.03.09-17.45.42:373][  0]LogPakFile: Registered encryption key '00000000000000000000000000000000': 0 pak files mounted, 0 remain pending
[2020.03.09-17.45.42:403][  0]LogPakFile: Registered encryption key '00000000000000000000000000000000': 0 pak files mounted, 0 remain pending
[2020.03.09-17.45.42:433][  0]LogPakFile: Registered encryption key '00000000000000000000000000000000': 0 pak files mounted, 0 remain pending
[2020.03.09-17.45.42:450][  0]LogPakFile: Registered encryption key '00000000000000000000000000000000': 0 pak files mounted, 0 remain pending
[2020.03.09-17.45.43:196][  0]LogContentBrowser: Native class hierarchy updated for 'AddContentDialog' in 0.0003 seconds. Added 0 classes and 0 folders.
[2020.03.09-17.45.43:275][  0]LogContentBrowser: Native class hierarchy updated for 'SceneOutliner' in 0.0009 seconds. Added 1 classes and 2 folders.
[2020.03.09-17.45.44:067][  0]LogContentBrowser: Native class hierarchy updated for 'HierarchicalLODOutliner' in 0.0002 seconds. Added 0 classes and 0 folders.
[2020.03.09-17.45.44:067][  0]LogLoad: (Engine Initialization) Total time: 55.54 seconds
[2020.03.09-17.45.44:067][  0]LogLoad: (Engine Initialization) Total Blueprint compile time: 0.00 seconds
[2020.03.09-17.45.44:111][  0]LogAssetRegistry: Asset discovery search completed in 13.6623 seconds
[2020.03.09-17.45.44:113][  0]LogCollectionManager: Rebuilt the object cache for 0 collections in 0.000000 seconds (found 0 objects)
[2020.03.09-17.45.44:113][  0]LogCollectionManager: Fixed up redirectors for 0 collections in 0.000042 seconds (updated 0 objects)
[2020.03.09-17.45.44:148][  0]LogContentStreaming: Texture pool size now 1000 MB
[2020.03.09-17.45.44:198][  0]LogSlate: Took 0.000155 seconds to synchronously load lazily loaded font '../../../Engine/Content/Slate/Fonts/Roboto-Regular.ttf' (155K)
[2020.03.09-17.45.44:199][  0]LogSlate: Took 0.000115 seconds to synchronously load lazily loaded font '../../../Engine/Content/Slate/Fonts/Roboto-Bold.ttf' (160K)
[2020.03.09-17.45.44:333][  0]LogSlate: Took 0.013028 seconds to synchronously load lazily loaded font '../../../Engine/Content/Editor/Slate/Fonts/FontAwesome.ttf' (139K)
[2020.03.09-17.45.45:164][  0]LogRenderer: Reallocating scene render targets to support 856x584 Format 10 NumSamples 1 (Frame:1).
[2020.03.09-17.45.45:164][  0]LogSlate: Took 0.050407 seconds to synchronously load lazily loaded font '../../../Engine/Content/Slate/Fonts/Roboto-Light.ttf' (167K)
[2020.03.09-17.45.45:637][  2]LogSlate: Took 0.000221 seconds to synchronously load lazily loaded font '../../../Engine/Content/Slate/Fonts/Roboto-Light.ttf' (167K)
[2020.03.09-17.45.50:660][ 17]LogSlate: FSceneViewport::OnFocusLost() reason 0
[2020.03.09-17.47.43:777][283]LogEditorViewport: Clicking on Actor (LMB): StaticMeshActor (Box_Brush2_StaticMesh)
[2020.03.09-17.47.56:446][977]LogSlate: FSceneViewport::OnFocusLost() reason 0
[2020.03.09-17.48.00:952][236]LogTemp: Repeating last play command: Selected Viewport
[2020.03.09-17.48.01:114][236]LogBlueprintUserMessages: Early PlayInEditor Detection: Level '/Game/StarterContent/Maps/Minimal_Default.Minimal_Default:PersistentLevel' has LevelScriptBlueprint '/Game/StarterContent/Maps/Minimal_Default.Minimal_Default:PersistentLevel.Minimal_Default' with GeneratedClass '/Game/StarterContent/Maps/Minimal_Default.Minimal_Default_C' with ClassGeneratedBy '/Game/StarterContent/Maps/Minimal_Default.Minimal_Default:PersistentLevel.Minimal_Default'
[2020.03.09-17.48.01:135][236]LogPlayLevel: PlayLevel: No blueprints needed recompiling
[2020.03.09-17.48.01:187][236]PIE: New page: PIE session: Minimal_Default (9 mar 2020, 19:48:01)
[2020.03.09-17.48.01:235][236]LogPlayLevel: Creating play world package: /Game/StarterContent/Maps/UEDPIE_0_Minimal_Default
[2020.03.09-17.48.01:299][236]LogPlayLevel: PIE: StaticDuplicateObject took: (0.063068s)
[2020.03.09-17.48.01:300][236]LogAIModule: Creating AISystem for world Minimal_Default
[2020.03.09-17.48.01:300][236]LogPlayLevel: PIE: World Init took: (0.000755s)
[2020.03.09-17.48.01:300][236]LogPlayLevel: PIE: Created PIE world by copying editor world from /Game/StarterContent/Maps/Minimal_Default.Minimal_Default to /Game/StarterContent/Maps/UEDPIE_0_Minimal_Default.Minimal_Default (0.064575s)
[2020.03.09-17.48.01:329][236]LogUObjectHash: Compacting FUObjectHashTables data took   1.10ms
[2020.03.09-17.48.01:396][236]LogInit: XAudio2 using 'Głośniki (Realtek(R) Audio)' : 2 channels at 48 kHz using 32 bits per sample (channel mask 0x3)
[2020.03.09-17.48.01:462][236]LogInit: FAudioDevice initialized.
[2020.03.09-17.48.01:549][236]LogLoad: Game class is 'GameModeBase'
[2020.03.09-17.48.01:659][236]LogWorld: Bringing World /Game/StarterContent/Maps/UEDPIE_0_Minimal_Default.Minimal_Default up for play (max tick rate 60) at 2020.03.09-18.48.01
[2020.03.09-17.48.01:695][236]LogWorld: Bringing up level for play took: 0.036667
[2020.03.09-17.48.01:943][236]LogContentBrowser: Native class hierarchy updated for 'MovieSceneCapture' in 0.0010 seconds. Added 20 classes and 0 folders.
[2020.03.09-17.48.02:008][236]LogBlueprintUserMessages: [Minimal_Default_C_21] Witaj w labiryncie, zobaczmy jak szybko uciekniesz!
[2020.03.09-17.48.02:009][236]PIE: Play in editor start time for /Game/StarterContent/Maps/UEDPIE_0_Minimal_Default 0,708
[2020.03.09-17.48.02:009][236]LogBlueprintUserMessages: Late PlayInEditor Detection: Level '/Game/StarterContent/Maps/Minimal_Default.Minimal_Default:PersistentLevel' has LevelScriptBlueprint '/Game/StarterContent/Maps/Minimal_Default.Minimal_Default:PersistentLevel.Minimal_Default' with GeneratedClass '/Game/StarterContent/Maps/Minimal_Default.Minimal_Default_C' with ClassGeneratedBy '/Game/StarterContent/Maps/Minimal_Default.Minimal_Default:PersistentLevel.Minimal_Default'
[2020.03.09-17.48.05:633][434]LogBlueprintUserMessages: Early EndPlayMap Detection: Level '/Game/StarterContent/Maps/Minimal_Default.Minimal_Default:PersistentLevel' has LevelScriptBlueprint '/Game/StarterContent/Maps/Minimal_Default.Minimal_Default:PersistentLevel.Minimal_Default' with GeneratedClass '/Game/StarterContent/Maps/Minimal_Default.Minimal_Default_C' with ClassGeneratedBy '/Game/StarterContent/Maps/Minimal_Default.Minimal_Default:PersistentLevel.Minimal_Default'
[2020.03.09-17.48.05:733][434]LogSlate: Updating window title bar state: overlay mode, drag disabled, window buttons hidden, title bar hidden
[2020.03.09-17.48.05:763][434]LogPlayLevel: Display: Shutting down PIE online subsystems
[2020.03.09-17.48.05:763][434]LogBlueprintUserMessages: Late EndPlayMap Detection: Level '/Game/StarterContent/Maps/Minimal_Default.Minimal_Default:PersistentLevel' has LevelScriptBlueprint '/Game/StarterContent/Maps/Minimal_Default.Minimal_Default:PersistentLevel.Minimal_Default' with GeneratedClass '/Game/StarterContent/Maps/Minimal_Default.Minimal_Default_C' with ClassGeneratedBy '/Game/StarterContent/Maps/Minimal_Default.Minimal_Default:PersistentLevel.Minimal_Default'
[2020.03.09-17.48.05:791][434]LogSlate: Updating window title bar state: overlay mode, drag disabled, window buttons hidden, title bar hidden
[2020.03.09-17.48.05:794][434]LogUObjectHash: Compacting FUObjectHashTables data took   1.33ms
[2020.03.09-17.48.05:819][435]LogPlayLevel: Display: Destroying online subsystem :Context_3
[2020.03.09-17.48.19:274][188]LogSlate: FSceneViewport::OnFocusLost() reason 2
[2020.03.09-17.48.20:705][259]LogSlate: FSceneViewport::OnFocusLost() reason 2
[2020.03.09-17.48.20:710][259]LogAssetEditorManager: Opening Asset editor for LevelScriptBlueprint /Game/StarterContent/Maps/Minimal_Default.Minimal_Default:PersistentLevel.Minimal_Default
[2020.03.09-17.48.21:685][259]LogContentBrowser: Native class hierarchy updated for 'BlueprintGraph' in 0.0005 seconds. Added 121 classes and 0 folders.
[2020.03.09-17.48.22:908][259]LogSlate: Took 0.011596 seconds to synchronously load lazily loaded font '../../../Engine/Content/Slate/Fonts/Roboto-BoldCondensed.ttf' (158K)
[2020.03.09-17.48.23:176][260]LogSlate: Took 0.010479 seconds to synchronously load lazily loaded font '../../../Engine/Content/Slate/Fonts/Roboto-Italic.ttf' (157K)
[2020.03.09-17.49.52:163][369]LogSlate: FSceneViewport::OnFocusLost() reason 2
[2020.03.09-17.51.40:639][108]LogSlate: FSceneViewport::OnFocusLost() reason 0
[2020.03.09-17.51.40:888][115]LogTemp: Repeating last play command: Selected Viewport
[2020.03.09-17.51.40:899][115]LogBlueprintUserMessages: Early PlayInEditor Detection: Level '/Game/StarterContent/Maps/Minimal_Default.Minimal_Default:PersistentLevel' has LevelScriptBlueprint '/Game/StarterContent/Maps/Minimal_Default.Minimal_Default:PersistentLevel.Minimal_Default' with GeneratedClass '/Game/StarterContent/Maps/Minimal_Default.Minimal_Default_C' with ClassGeneratedBy '/Game/StarterContent/Maps/Minimal_Default.Minimal_Default:PersistentLevel.Minimal_Default'
[2020.03.09-17.51.40:899][115]LogPlayLevel: PlayLevel: No blueprints needed recompiling
[2020.03.09-17.51.40:899][115]PIE: New page: PIE session: Minimal_Default (9 mar 2020, 19:51:40)
[2020.03.09-17.51.40:899][115]LogPlayLevel: Creating play world package: /Game/StarterContent/Maps/UEDPIE_0_Minimal_Default
[2020.03.09-17.51.40:917][115]LogPlayLevel: PIE: StaticDuplicateObject took: (0.017338s)
[2020.03.09-17.51.40:918][115]LogAIModule: Creating AISystem for world Minimal_Default
[2020.03.09-17.51.40:918][115]LogPlayLevel: PIE: World Init took: (0.001339s)
[2020.03.09-17.51.40:918][115]LogPlayLevel: PIE: Created PIE world by copying editor world from /Game/StarterContent/Maps/Minimal_Default.Minimal_Default to /Game/StarterContent/Maps/UEDPIE_0_Minimal_Default.Minimal_Default (0.019007s)
[2020.03.09-17.51.40:952][115]LogUObjectHash: Compacting FUObjectHashTables data took   2.75ms
[2020.03.09-17.51.40:976][115]LogInit: XAudio2 using 'Głośniki (Realtek(R) Audio)' : 2 channels at 48 kHz using 32 bits per sample (channel mask 0x3)
[2020.03.09-17.51.41:039][115]LogInit: FAudioDevice initialized.
[2020.03.09-17.51.41:067][115]LogLoad: Game class is 'GameModeBase'
[2020.03.09-17.51.41:068][115]LogWorld: Bringing World /Game/StarterContent/Maps/UEDPIE_0_Minimal_Default.Minimal_Default up for play (max tick rate 60) at 2020.03.09-18.51.41
[2020.03.09-17.51.41:068][115]LogWorld: Bringing up level for play took: 0.000626
[2020.03.09-17.51.41:081][115]LogBlueprintUserMessages: [Minimal_Default_C_21] Witaj w labiryncie, zobaczmy jak szybko uciekniesz!
[2020.03.09-17.51.41:081][115]PIE: Play in editor start time for /Game/StarterContent/Maps/UEDPIE_0_Minimal_Default -0,221
[2020.03.09-17.51.41:081][115]LogBlueprintUserMessages: Late PlayInEditor Detection: Level '/Game/StarterContent/Maps/Minimal_Default.Minimal_Default:PersistentLevel' has LevelScriptBlueprint '/Game/StarterContent/Maps/Minimal_Default.Minimal_Default:PersistentLevel.Minimal_Default' with GeneratedClass '/Game/StarterContent/Maps/Minimal_Default.Minimal_Default_C' with ClassGeneratedBy '/Game/StarterContent/Maps/Minimal_Default.Minimal_Default:PersistentLevel.Minimal_Default'
[2020.03.09-17.51.54:906][936]LogNet: Browse: /Game/StarterContent/Maps/Minimal_Default
[2020.03.09-17.51.54:906][936]LogLoad: LoadMap: /Game/StarterContent/Maps/Minimal_Default
[2020.03.09-17.51.55:099][936]LogUObjectHash: Compacting FUObjectHashTables data took   1.92ms
[2020.03.09-17.51.55:099][936]LogPlayLevel: Creating play world package: /Game/StarterContent/Maps/UEDPIE_0_Minimal_Default
[2020.03.09-17.51.55:103][936]LogPlayLevel: PIE: StaticDuplicateObject took: (0.003479s)
[2020.03.09-17.51.55:103][936]LogAIModule: Creating AISystem for world Minimal_Default
[2020.03.09-17.51.55:113][936]LogPlayLevel: PIE: World Init took: (0.010252s)
[2020.03.09-17.51.55:113][936]LogPlayLevel: PIE: Created PIE world by copying editor world from /Game/StarterContent/Maps/Minimal_Default.Minimal_Default to /Game/StarterContent/Maps/UEDPIE_0_Minimal_Default.Minimal_Default (0.013885s)
[2020.03.09-17.51.55:113][936]LogLoad: Game class is 'GameModeBase'
[2020.03.09-17.51.55:114][936]LogWorld: Bringing World /Game/StarterContent/Maps/UEDPIE_0_Minimal_Default.Minimal_Default up for play (max tick rate 60) at 2020.03.09-18.51.55
[2020.03.09-17.51.55:114][936]LogWorld: Bringing up level for play took: 0.000586
[2020.03.09-17.51.55:115][936]LogBlueprintUserMessages: [Minimal_Default_C_21] Witaj w labiryncie, zobaczmy jak szybko uciekniesz!
[2020.03.09-17.51.55:115][936]LogLoad: Took 0.208471 seconds to LoadMap(/Game/StarterContent/Maps/UEDPIE_0_Minimal_Default)
[2020.03.09-17.51.55:672][968]LogNet: Browse: /Game/StarterContent/Maps/Minimal_Default
[2020.03.09-17.51.55:672][968]LogLoad: LoadMap: /Game/StarterContent/Maps/Minimal_Default
[2020.03.09-17.51.55:736][968]LogUObjectHash: Compacting FUObjectHashTables data took   1.46ms
[2020.03.09-17.51.55:736][968]LogPlayLevel: Creating play world package: /Game/StarterContent/Maps/UEDPIE_0_Minimal_Default
[2020.03.09-17.51.55:740][968]LogPlayLevel: PIE: StaticDuplicateObject took: (0.003654s)
[2020.03.09-17.51.55:740][968]LogAIModule: Creating AISystem for world Minimal_Default
[2020.03.09-17.51.55:741][968]LogPlayLevel: PIE: World Init took: (0.000513s)
[2020.03.09-17.51.55:741][968]LogPlayLevel: PIE: Created PIE world by copying editor world from /Game/StarterContent/Maps/Minimal_Default.Minimal_Default to /Game/StarterContent/Maps/UEDPIE_0_Minimal_Default.Minimal_Default (0.004313s)
[2020.03.09-17.51.55:741][968]LogLoad: Game class is 'GameModeBase'
[2020.03.09-17.51.55:742][968]LogWorld: Bringing World /Game/StarterContent/Maps/UEDPIE_0_Minimal_Default.Minimal_Default up for play (max tick rate 60) at 2020.03.09-18.51.55
[2020.03.09-17.51.55:742][968]LogWorld: Bringing up level for play took: 0.000596
[2020.03.09-17.51.55:743][968]LogBlueprintUserMessages: [Minimal_Default_C_21] Witaj w labiryncie, zobaczmy jak szybko uciekniesz!
[2020.03.09-17.51.55:743][968]LogLoad: Took 0.070324 seconds to LoadMap(/Game/StarterContent/Maps/UEDPIE_0_Minimal_Default)
[2020.03.09-17.51.58:167][114]LogBlueprintUserMessages: Early EndPlayMap Detection: Level '/Game/StarterContent/Maps/Minimal_Default.Minimal_Default:PersistentLevel' has LevelScriptBlueprint '/Game/StarterContent/Maps/Minimal_Default.Minimal_Default:PersistentLevel.Minimal_Default' with GeneratedClass '/Game/StarterContent/Maps/Minimal_Default.Minimal_Default_C' with ClassGeneratedBy '/Game/StarterContent/Maps/Minimal_Default.Minimal_Default:PersistentLevel.Minimal_Default'
[2020.03.09-17.51.58:168][114]LogSlate: Updating window title bar state: overlay mode, drag disabled, window buttons hidden, title bar hidden
[2020.03.09-17.51.58:203][114]LogPlayLevel: Display: Shutting down PIE online subsystems
[2020.03.09-17.51.58:204][114]LogBlueprintUserMessages: Late EndPlayMap Detection: Level '/Game/StarterContent/Maps/Minimal_Default.Minimal_Default:PersistentLevel' has LevelScriptBlueprint '/Game/StarterContent/Maps/Minimal_Default.Minimal_Default:PersistentLevel.Minimal_Default' with GeneratedClass '/Game/StarterContent/Maps/Minimal_Default.Minimal_Default_C' with ClassGeneratedBy '/Game/StarterContent/Maps/Minimal_Default.Minimal_Default:PersistentLevel.Minimal_Default'
[2020.03.09-17.51.58:238][114]LogSlate: Updating window title bar state: overlay mode, drag disabled, window buttons hidden, title bar hidden
[2020.03.09-17.51.58:241][114]LogUObjectHash: Compacting FUObjectHashTables data took   1.51ms
[2020.03.09-17.51.58:272][116]LogPlayLevel: Display: Destroying online subsystem :Context_5
[2020.03.09-17.52.01:355][258]LogSlate: FSceneViewport::OnFocusLost() reason 2
[2020.03.09-17.53.27:156][336]BlueprintLog: New page: Compile Minimal_Default
[2020.03.09-17.53.27:824][336]LogUObjectHash: Compacting FUObjectHashTables data took   3.33ms
[2020.03.09-17.53.30:626][496]LogSlate: FSceneViewport::OnFocusLost() reason 0
[2020.03.09-17.53.30:742][503]LogTemp: Repeating last play command: Selected Viewport
[2020.03.09-17.53.30:748][503]LogBlueprintUserMessages: Early PlayInEditor Detection: Level '/Game/StarterContent/Maps/Minimal_Default.Minimal_Default:PersistentLevel' has LevelScriptBlueprint '/Game/StarterContent/Maps/Minimal_Default.Minimal_Default:PersistentLevel.Minimal_Default' with GeneratedClass '/Game/StarterContent/Maps/Minimal_Default.Minimal_Default_C' with ClassGeneratedBy '/Game/StarterContent/Maps/Minimal_Default.Minimal_Default:PersistentLevel.Minimal_Default'
[2020.03.09-17.53.30:748][503]LogPlayLevel: PlayLevel: No blueprints needed recompiling
[2020.03.09-17.53.30:748][503]PIE: New page: PIE session: Minimal_Default (9 mar 2020, 19:53:30)
[2020.03.09-17.53.30:748][503]LogPlayLevel: Creating play world package: /Game/StarterContent/Maps/UEDPIE_0_Minimal_Default
[2020.03.09-17.53.30:752][503]LogPlayLevel: PIE: StaticDuplicateObject took: (0.003775s)
[2020.03.09-17.53.30:752][503]LogAIModule: Creating AISystem for world Minimal_Default
[2020.03.09-17.53.30:752][503]LogPlayLevel: PIE: World Init took: (0.000577s)
[2020.03.09-17.53.30:752][503]LogPlayLevel: PIE: Created PIE world by copying editor world from /Game/StarterContent/Maps/Minimal_Default.Minimal_Default to /Game/StarterContent/Maps/UEDPIE_0_Minimal_Default.Minimal_Default (0.004470s)
[2020.03.09-17.53.30:777][503]LogUObjectHash: Compacting FUObjectHashTables data took   2.30ms
[2020.03.09-17.53.30:800][503]LogInit: XAudio2 using 'Głośniki (Realtek(R) Audio)' : 2 channels at 48 kHz using 32 bits per sample (channel mask 0x3)
[2020.03.09-17.53.30:867][503]LogInit: FAudioDevice initialized.
[2020.03.09-17.53.30:895][503]LogLoad: Game class is 'GameModeBase'
[2020.03.09-17.53.30:896][503]LogWorld: Bringing World /Game/StarterContent/Maps/UEDPIE_0_Minimal_Default.Minimal_Default up for play (max tick rate 60) at 2020.03.09-18.53.30
[2020.03.09-17.53.30:897][503]LogWorld: Bringing up level for play took: 0.000792
[2020.03.09-17.53.30:910][503]LogBlueprintUserMessages: [Minimal_Default_C_0] Witaj w labiryncie, zobaczmy jak szybko uciekniesz!
[2020.03.09-17.53.30:910][503]PIE: Play in editor start time for /Game/StarterContent/Maps/UEDPIE_0_Minimal_Default -0,39
[2020.03.09-17.53.30:910][503]LogBlueprintUserMessages: Late PlayInEditor Detection: Level '/Game/StarterContent/Maps/Minimal_Default.Minimal_Default:PersistentLevel' has LevelScriptBlueprint '/Game/StarterContent/Maps/Minimal_Default.Minimal_Default:PersistentLevel.Minimal_Default' with GeneratedClass '/Game/StarterContent/Maps/Minimal_Default.Minimal_Default_C' with ClassGeneratedBy '/Game/StarterContent/Maps/Minimal_Default.Minimal_Default:PersistentLevel.Minimal_Default'
[2020.03.09-17.53.37:781][903]LogBlueprintUserMessages: Early EndPlayMap Detection: Level '/Game/StarterContent/Maps/Minimal_Default.Minimal_Default:PersistentLevel' has LevelScriptBlueprint '/Game/StarterContent/Maps/Minimal_Default.Minimal_Default:PersistentLevel.Minimal_Default' with GeneratedClass '/Game/StarterContent/Maps/Minimal_Default.Minimal_Default_C' with ClassGeneratedBy '/Game/StarterContent/Maps/Minimal_Default.Minimal_Default:PersistentLevel.Minimal_Default'
[2020.03.09-17.53.37:781][903]LogSlate: Updating window title bar state: overlay mode, drag disabled, window buttons hidden, title bar hidden
[2020.03.09-17.53.37:810][903]LogPlayLevel: Display: Shutting down PIE online subsystems
[2020.03.09-17.53.37:810][903]LogBlueprintUserMessages: Late EndPlayMap Detection: Level '/Game/StarterContent/Maps/Minimal_Default.Minimal_Default:PersistentLevel' has LevelScriptBlueprint '/Game/StarterContent/Maps/Minimal_Default.Minimal_Default:PersistentLevel.Minimal_Default' with GeneratedClass '/Game/StarterContent/Maps/Minimal_Default.Minimal_Default_C' with ClassGeneratedBy '/Game/StarterContent/Maps/Minimal_Default.Minimal_Default:PersistentLevel.Minimal_Default'
[2020.03.09-17.53.37:843][903]LogSlate: Updating window title bar state: overlay mode, drag disabled, window buttons hidden, title bar hidden
[2020.03.09-17.53.37:847][903]LogUObjectHash: Compacting FUObjectHashTables data took   1.68ms
[2020.03.09-17.53.37:896][906]LogPlayLevel: Display: Destroying online subsystem :Context_6
[2020.03.09-17.53.41:447][119]LogEditorViewport: Clicking on Actor (LMB): StaticMeshActor (Box_Brush2_StaticMesh)
[2020.03.09-17.53.45:225][338]LogEditorViewport: Clicking on Actor (LMB): StaticMeshActor (Ball)
[2020.03.09-17.53.46:746][427]LogSlate: FSceneViewport::OnFocusLost() reason 0
[2020.03.09-17.53.48:580][537]LogTemp: Repeating last play command: Selected Viewport
[2020.03.09-17.53.48:584][537]LogBlueprintUserMessages: Early PlayInEditor Detection: Level '/Game/StarterContent/Maps/Minimal_Default.Minimal_Default:PersistentLevel' has LevelScriptBlueprint '/Game/StarterContent/Maps/Minimal_Default.Minimal_Default:PersistentLevel.Minimal_Default' with GeneratedClass '/Game/StarterContent/Maps/Minimal_Default.Minimal_Default_C' with ClassGeneratedBy '/Game/StarterContent/Maps/Minimal_Default.Minimal_Default:PersistentLevel.Minimal_Default'
[2020.03.09-17.53.48:584][537]LogPlayLevel: PlayLevel: No blueprints needed recompiling
[2020.03.09-17.53.48:584][537]PIE: New page: PIE session: Minimal_Default (9 mar 2020, 19:53:48)
[2020.03.09-17.53.48:584][537]LogPlayLevel: Creating play world package: /Game/StarterContent/Maps/UEDPIE_0_Minimal_Default
[2020.03.09-17.53.48:588][537]LogPlayLevel: PIE: StaticDuplicateObject took: (0.004118s)
[2020.03.09-17.53.48:589][537]LogAIModule: Creating AISystem for world Minimal_Default
[2020.03.09-17.53.48:589][537]LogPlayLevel: PIE: World Init took: (0.000464s)
[2020.03.09-17.53.48:589][537]LogPlayLevel: PIE: Created PIE world by copying editor world from /Game/StarterContent/Maps/Minimal_Default.Minimal_Default to /Game/StarterContent/Maps/UEDPIE_0_Minimal_Default.Minimal_Default (0.004712s)
[2020.03.09-17.53.48:614][537]LogUObjectHash: Compacting FUObjectHashTables data took   1.46ms
[2020.03.09-17.53.48:637][537]LogInit: XAudio2 using 'Głośniki (Realtek(R) Audio)' : 2 channels at 48 kHz using 32 bits per sample (channel mask 0x3)
[2020.03.09-17.53.48:700][537]LogInit: FAudioDevice initialized.
[2020.03.09-17.53.48:727][537]LogLoad: Game class is 'GameModeBase'
[2020.03.09-17.53.48:728][537]LogWorld: Bringing World /Game/StarterContent/Maps/UEDPIE_0_Minimal_Default.Minimal_Default up for play (max tick rate 60) at 2020.03.09-18.53.48
[2020.03.09-17.53.48:728][537]LogWorld: Bringing up level for play took: 0.000644
[2020.03.09-17.53.48:741][537]LogBlueprintUserMessages: [Minimal_Default_C_0] Witaj w labiryncie, zobaczmy jak szybko uciekniesz!
[2020.03.09-17.53.48:741][537]PIE: Play in editor start time for /Game/StarterContent/Maps/UEDPIE_0_Minimal_Default -0,56
[2020.03.09-17.53.48:741][537]LogBlueprintUserMessages: Late PlayInEditor Detection: Level '/Game/StarterContent/Maps/Minimal_Default.Minimal_Default:PersistentLevel' has LevelScriptBlueprint '/Game/StarterContent/Maps/Minimal_Default.Minimal_Default:PersistentLevel.Minimal_Default' with GeneratedClass '/Game/StarterContent/Maps/Minimal_Default.Minimal_Default_C' with ClassGeneratedBy '/Game/StarterContent/Maps/Minimal_Default.Minimal_Default:PersistentLevel.Minimal_Default'
[2020.03.09-17.53.52:537][764]LogBlueprintUserMessages: Early EndPlayMap Detection: Level '/Game/StarterContent/Maps/Minimal_Default.Minimal_Default:PersistentLevel' has LevelScriptBlueprint '/Game/StarterContent/Maps/Minimal_Default.Minimal_Default:PersistentLevel.Minimal_Default' with GeneratedClass '/Game/StarterContent/Maps/Minimal_Default.Minimal_Default_C' with ClassGeneratedBy '/Game/StarterContent/Maps/Minimal_Default.Minimal_Default:PersistentLevel.Minimal_Default'
[2020.03.09-17.53.52:537][764]LogSlate: Updating window title bar state: overlay mode, drag disabled, window buttons hidden, title bar hidden
[2020.03.09-17.53.52:567][764]LogPlayLevel: Display: Shutting down PIE online subsystems
[2020.03.09-17.53.52:567][764]LogBlueprintUserMessages: Late EndPlayMap Detection: Level '/Game/StarterContent/Maps/Minimal_Default.Minimal_Default:PersistentLevel' has LevelScriptBlueprint '/Game/StarterContent/Maps/Minimal_Default.Minimal_Default:PersistentLevel.Minimal_Default' with GeneratedClass '/Game/StarterContent/Maps/Minimal_Default.Minimal_Default_C' with ClassGeneratedBy '/Game/StarterContent/Maps/Minimal_Default.Minimal_Default:PersistentLevel.Minimal_Default'
[2020.03.09-17.53.52:598][764]LogSlate: Updating window title bar state: overlay mode, drag disabled, window buttons hidden, title bar hidden
[2020.03.09-17.53.52:601][764]LogUObjectHash: Compacting FUObjectHashTables data took   1.41ms
[2020.03.09-17.53.52:650][767]LogPlayLevel: Display: Destroying online subsystem :Context_7
[2020.03.09-17.54.20:539][915]LogSlate: FSceneViewport::OnFocusLost() reason 2
[2020.03.09-17.55.23:253][665]BlueprintLog: New page: Compile Minimal_Default
[2020.03.09-17.55.23:385][665]LogUObjectHash: Compacting FUObjectHashTables data took   2.52ms
[2020.03.09-17.55.29:778][ 27]LogSlate: FSceneViewport::OnFocusLost() reason 0
[2020.03.09-17.55.29:878][ 33]LogTemp: Repeating last play command: Selected Viewport
[2020.03.09-17.55.29:883][ 33]LogBlueprintUserMessages: Early PlayInEditor Detection: Level '/Game/StarterContent/Maps/Minimal_Default.Minimal_Default:PersistentLevel' has LevelScriptBlueprint '/Game/StarterContent/Maps/Minimal_Default.Minimal_Default:PersistentLevel.Minimal_Default' with GeneratedClass '/Game/StarterContent/Maps/Minimal_Default.Minimal_Default_C' with ClassGeneratedBy '/Game/StarterContent/Maps/Minimal_Default.Minimal_Default:PersistentLevel.Minimal_Default'
[2020.03.09-17.55.29:883][ 33]LogPlayLevel: PlayLevel: No blueprints needed recompiling
[2020.03.09-17.55.29:883][ 33]PIE: New page: PIE session: Minimal_Default (9 mar 2020, 19:55:29)
[2020.03.09-17.55.29:883][ 33]LogPlayLevel: Creating play world package: /Game/StarterContent/Maps/UEDPIE_0_Minimal_Default
[2020.03.09-17.55.29:888][ 33]LogPlayLevel: PIE: StaticDuplicateObject took: (0.004318s)
[2020.03.09-17.55.29:888][ 33]LogAIModule: Creating AISystem for world Minimal_Default
[2020.03.09-17.55.29:888][ 33]LogPlayLevel: PIE: World Init took: (0.000529s)
[2020.03.09-17.55.29:888][ 33]LogPlayLevel: PIE: Created PIE world by copying editor world from /Game/StarterContent/Maps/Minimal_Default.Minimal_Default to /Game/StarterContent/Maps/UEDPIE_0_Minimal_Default.Minimal_Default (0.005008s)
[2020.03.09-17.55.29:916][ 33]LogUObjectHash: Compacting FUObjectHashTables data took   2.36ms
[2020.03.09-17.55.29:938][ 33]LogInit: XAudio2 using 'Głośniki (Realtek(R) Audio)' : 2 channels at 48 kHz using 32 bits per sample (channel mask 0x3)
[2020.03.09-17.55.30:000][ 33]LogInit: FAudioDevice initialized.
[2020.03.09-17.55.30:032][ 33]LogLoad: Game class is 'GameModeBase'
[2020.03.09-17.55.30:033][ 33]LogWorld: Bringing World /Game/StarterContent/Maps/UEDPIE_0_Minimal_Default.Minimal_Default up for play (max tick rate 60) at 2020.03.09-18.55.30
[2020.03.09-17.55.30:033][ 33]LogWorld: Bringing up level for play took: 0.000600
[2020.03.09-17.55.30:046][ 33]LogBlueprintUserMessages: [Minimal_Default_C_1] Witaj w labiryncie, zobaczmy jak szybko uciekniesz!
[2020.03.09-17.55.30:046][ 33]PIE: Play in editor start time for /Game/StarterContent/Maps/UEDPIE_0_Minimal_Default 0,745
[2020.03.09-17.55.30:046][ 33]LogBlueprintUserMessages: Late PlayInEditor Detection: Level '/Game/StarterContent/Maps/Minimal_Default.Minimal_Default:PersistentLevel' has LevelScriptBlueprint '/Game/StarterContent/Maps/Minimal_Default.Minimal_Default:PersistentLevel.Minimal_Default' with GeneratedClass '/Game/StarterContent/Maps/Minimal_Default.Minimal_Default_C' with ClassGeneratedBy '/Game/StarterContent/Maps/Minimal_Default.Minimal_Default:PersistentLevel.Minimal_Default'
[2020.03.09-17.55.37:464][476]LogBlueprintUserMessages: Early EndPlayMap Detection: Level '/Game/StarterContent/Maps/Minimal_Default.Minimal_Default:PersistentLevel' has LevelScriptBlueprint '/Game/StarterContent/Maps/Minimal_Default.Minimal_Default:PersistentLevel.Minimal_Default' with GeneratedClass '/Game/StarterContent/Maps/Minimal_Default.Minimal_Default_C' with ClassGeneratedBy '/Game/StarterContent/Maps/Minimal_Default.Minimal_Default:PersistentLevel.Minimal_Default'
[2020.03.09-17.55.37:464][476]LogSlate: Updating window title bar state: overlay mode, drag disabled, window buttons hidden, title bar hidden
[2020.03.09-17.55.37:503][476]LogPlayLevel: Display: Shutting down PIE online subsystems
[2020.03.09-17.55.37:503][476]LogBlueprintUserMessages: Late EndPlayMap Detection: Level '/Game/StarterContent/Maps/Minimal_Default.Minimal_Default:PersistentLevel' has LevelScriptBlueprint '/Game/StarterContent/Maps/Minimal_Default.Minimal_Default:PersistentLevel.Minimal_Default' with GeneratedClass '/Game/StarterContent/Maps/Minimal_Default.Minimal_Default_C' with ClassGeneratedBy '/Game/StarterContent/Maps/Minimal_Default.Minimal_Default:PersistentLevel.Minimal_Default'
[2020.03.09-17.55.37:554][476]LogSlate: Updating window title bar state: overlay mode, drag disabled, window buttons hidden, title bar hidden
[2020.03.09-17.55.37:558][476]LogUObjectHash: Compacting FUObjectHashTables data took   1.75ms
[2020.03.09-17.55.37:575][477]LogPlayLevel: Display: Destroying online subsystem :Context_8
[2020.03.09-17.56.08:321][698]LogEditorViewport: Clicking on Actor (LMB): StaticMeshActor (Ball)
[2020.03.09-17.56.09:967][795]LogSlate: FSceneViewport::OnFocusLost() reason 0
[2020.03.09-17.56.10:882][850]LogTemp: Repeating last play command: Selected Viewport
[2020.03.09-17.56.10:887][850]LogBlueprintUserMessages: Early PlayInEditor Detection: Level '/Game/StarterContent/Maps/Minimal_Default.Minimal_Default:PersistentLevel' has LevelScriptBlueprint '/Game/StarterContent/Maps/Minimal_Default.Minimal_Default:PersistentLevel.Minimal_Default' with GeneratedClass '/Game/StarterContent/Maps/Minimal_Default.Minimal_Default_C' with ClassGeneratedBy '/Game/StarterContent/Maps/Minimal_Default.Minimal_Default:PersistentLevel.Minimal_Default'
[2020.03.09-17.56.10:887][850]LogPlayLevel: PlayLevel: No blueprints needed recompiling
[2020.03.09-17.56.10:887][850]PIE: New page: PIE session: Minimal_Default (9 mar 2020, 19:56:10)
[2020.03.09-17.56.10:887][850]LogPlayLevel: Creating play world package: /Game/StarterContent/Maps/UEDPIE_0_Minimal_Default
[2020.03.09-17.56.10:891][850]LogPlayLevel: PIE: StaticDuplicateObject took: (0.003817s)
[2020.03.09-17.56.10:891][850]LogAIModule: Creating AISystem for world Minimal_Default
[2020.03.09-17.56.10:892][850]LogPlayLevel: PIE: World Init took: (0.000447s)
[2020.03.09-17.56.10:892][850]LogPlayLevel: PIE: Created PIE world by copying editor world from /Game/StarterContent/Maps/Minimal_Default.Minimal_Default to /Game/StarterContent/Maps/UEDPIE_0_Minimal_Default.Minimal_Default (0.004376s)
[2020.03.09-17.56.10:922][850]LogUObjectHash: Compacting FUObjectHashTables data took   1.39ms
[2020.03.09-17.56.10:945][850]LogInit: XAudio2 using 'Głośniki (Realtek(R) Audio)' : 2 channels at 48 kHz using 32 bits per sample (channel mask 0x3)
[2020.03.09-17.56.11:008][850]LogInit: FAudioDevice initialized.
[2020.03.09-17.56.11:033][850]LogLoad: Game class is 'GameModeBase'
[2020.03.09-17.56.11:034][850]LogWorld: Bringing World /Game/StarterContent/Maps/UEDPIE_0_Minimal_Default.Minimal_Default up for play (max tick rate 60) at 2020.03.09-18.56.11
[2020.03.09-17.56.11:034][850]LogWorld: Bringing up level for play took: 0.000610
[2020.03.09-17.56.11:047][850]LogBlueprintUserMessages: [Minimal_Default_C_1] Witaj w labiryncie, zobaczmy jak szybko uciekniesz!
[2020.03.09-17.56.11:047][850]PIE: Play in editor start time for /Game/StarterContent/Maps/UEDPIE_0_Minimal_Default -0,254
[2020.03.09-17.56.11:047][850]LogBlueprintUserMessages: Late PlayInEditor Detection: Level '/Game/StarterContent/Maps/Minimal_Default.Minimal_Default:PersistentLevel' has LevelScriptBlueprint '/Game/StarterContent/Maps/Minimal_Default.Minimal_Default:PersistentLevel.Minimal_Default' with GeneratedClass '/Game/StarterContent/Maps/Minimal_Default.Minimal_Default_C' with ClassGeneratedBy '/Game/StarterContent/Maps/Minimal_Default.Minimal_Default:PersistentLevel.Minimal_Default'
[2020.03.09-17.56.16:101][141]LogBlueprintUserMessages: [Minimal_Default_C_1] Bardzo dobrze!Przeszedles labirynt w5,14 sekund!
[2020.03.09-17.56.16:764][181]LogBlueprintUserMessages: Early EndPlayMap Detection: Level '/Game/StarterContent/Maps/Minimal_Default.Minimal_Default:PersistentLevel' has LevelScriptBlueprint '/Game/StarterContent/Maps/Minimal_Default.Minimal_Default:PersistentLevel.Minimal_Default' with GeneratedClass '/Game/StarterContent/Maps/Minimal_Default.Minimal_Default_C' with ClassGeneratedBy '/Game/StarterContent/Maps/Minimal_Default.Minimal_Default:PersistentLevel.Minimal_Default'
[2020.03.09-17.56.16:764][181]LogSlate: Updating window title bar state: overlay mode, drag disabled, window buttons hidden, title bar hidden
[2020.03.09-17.56.16:796][181]LogPlayLevel: Display: Shutting down PIE online subsystems
[2020.03.09-17.56.16:797][181]LogBlueprintUserMessages: Late EndPlayMap Detection: Level '/Game/StarterContent/Maps/Minimal_Default.Minimal_Default:PersistentLevel' has LevelScriptBlueprint '/Game/StarterContent/Maps/Minimal_Default.Minimal_Default:PersistentLevel.Minimal_Default' with GeneratedClass '/Game/StarterContent/Maps/Minimal_Default.Minimal_Default_C' with ClassGeneratedBy '/Game/StarterContent/Maps/Minimal_Default.Minimal_Default:PersistentLevel.Minimal_Default'
[2020.03.09-17.56.16:829][181]LogSlate: Updating window title bar state: overlay mode, drag disabled, window buttons hidden, title bar hidden
[2020.03.09-17.56.16:832][181]LogUObjectHash: Compacting FUObjectHashTables data took   1.49ms
[2020.03.09-17.56.16:866][183]LogPlayLevel: Display: Destroying online subsystem :Context_9
[2020.03.09-17.56.20:766][417]LogEditorViewport: Clicking on Actor (LMB): StaticMeshActor (Ball)
[2020.03.09-17.56.22:133][497]LogSlate: FSceneViewport::OnFocusLost() reason 0
[2020.03.09-17.56.48:277][667]LogUObjectHash: Compacting FUObjectHashTables data took   0.73ms
[2020.03.09-17.56.48:818][667]LogSavePackage: Moving '../../../../../Ola's stuff/Unreal projects/AleksandraSzczyrba/Saved/Minimal_Default_Auto1C277ABC3455E261CEB006E9BFF08D80B.tmp' to '../../../../../Ola's stuff/Unreal projects/AleksandraSzczyrba/Saved/Autosaves/Game/StarterContent/Maps/Minimal_Default_Auto1.umap'
[2020.03.09-17.56.48:856][667]LogFileHelpers: Editor autosave (incl. sublevels) for '/Game/StarterContent/Maps/Minimal_Default' took 0.611
[2020.03.09-17.56.48:856][667]LogFileHelpers: Editor autosave (incl. sublevels) for all levels took 0.611
[2020.03.09-17.59.11:814][228]LogSlate: FSceneViewport::OnFocusLost() reason 2
[2020.03.09-17.59.21:865][822]LogUObjectHash: Compacting FUObjectHashTables data took   2.69ms
[2020.03.09-17.59.21:947][822]LogSlate: FSceneViewport::OnFocusLost() reason 2
[2020.03.09-17.59.25:586][822]LogSlate: Window 'Save Content' being destroyed
[2020.03.09-17.59.27:496][929]LogSlate: FSceneViewport::OnFocusLost() reason 2
[2020.03.09-17.59.29:013][ 14]LogSlate: FSceneViewport::OnFocusLost() reason 2
[2020.03.09-17.59.31:467][159]LogSlate: Window 'Open Level' being destroyed
[2020.03.09-17.59.32:661][230]LogSlate: FSceneViewport::OnFocusLost() reason 2
[2020.03.09-17.59.37:111][497]LogUProjectInfo: Found projects:
[2020.03.09-17.59.37:117][497]LogSlate: FSceneViewport::OnFocusLost() reason 2
[2020.03.09-17.59.39:288][628]Cmd: CLOSE_SLATE_MAINFRAME
[2020.03.09-17.59.39:422][628]LogUObjectHash: Compacting FUObjectHashTables data took   0.61ms
[2020.03.09-17.59.40:590][628]LogSlate: Window 'Save Content' being destroyed
[2020.03.09-17.59.41:431][678]LogSlate: FSceneViewport::OnFocusLost() reason 0
[2020.03.09-17.59.41:546][685]LogSlate: Window 'Open Project' being destroyed
[2020.03.09-17.59.43:622][809]LogSlate: FSceneViewport::OnFocusLost() reason 2
[2020.03.09-18.04.48:835][238]LogSlate: Window 'Save Level As' being destroyed
[2020.03.09-18.04.59:907][655]LogSlate: Window 'Save Level As' being destroyed
[2020.03.09-18.05.12:148][379]LogUObjectHash: Compacting FUObjectHashTables data took   0.83ms
[2020.03.09-18.05.13:766][379]LogSlate: Window 'Save Content' being destroyed
[2020.03.09-18.05.27:373][153]LogUObjectHash: Compacting FUObjectHashTables data took   0.64ms
[2020.03.09-18.05.27:637][153]LogSavePackage: Moving '../../../../../Ola's stuff/Unreal projects/AleksandraSzczyrba/Saved/Minimal_Default4598F8BE46C6ACFE3EF4C78A68A73B13.tmp' to '../../../../../Ola's stuff/Unreal projects/AleksandraSzczyrba/Content/StarterContent/Maps/Minimal_Default.umap'
[2020.03.09-18.05.27:727][153]LogSavePackage: Moving '../../../../../Ola's stuff/Unreal projects/AleksandraSzczyrba/Saved/Minimal_Default_BuiltData11E8191D4AEA736BBB4914BA16D9C997.tmp' to '../../../../../Ola's stuff/Unreal projects/AleksandraSzczyrba/Content/StarterContent/Maps/Minimal_Default_BuiltData.uasset'
[2020.03.09-18.05.35:942][640]LogSlate: Window 'Open Level' being destroyed
[2020.03.09-18.06.58:202][166]LogSlate: Window 'Open Project' being destroyed
[2020.03.09-18.07.05:420][301]LogSlate: Window 'Save Level As' being destroyed
